#
# There is insufficient memory for the Java Runtime Environment to continue.
# Native memory allocation (mmap) failed to map 441450496 bytes for committing reserved memory.
# Possible reasons:
#   The system is out of physical RAM or swap space
#   In 32 bit mode, the process size limit was hit
# Possible solutions:
#   Reduce memory load on the system
#   Increase physical memory or swap space
#   Check if swap backing store is full
#   Use 64 bit Java on a 64 bit OS
#   Decrease Java heap size (-Xmx/-Xms)
#   Decrease number of Java threads
#   Decrease Java thread stack sizes (-Xss)
#   Set larger code cache with -XX:ReservedCodeCacheSize=
# This output file may be truncated or incomplete.
#
#  Out of Memory Error (os_linux.cpp:2627), pid=24602, tid=140309417731840
#
# JRE version: Java(TM) SE Runtime Environment (8.0_77-b03) (build 1.8.0_77-b03)
# Java VM: Java HotSpot(TM) 64-Bit Server VM (25.77-b03 mixed mode linux-amd64 compressed oops)
# Core dump written. Default location: /home/ccranfor/github/Naros/hibernate-orm-18/hibernate-core/core or core.24602
#

---------------  T H R E A D  ---------------

Current thread (0x00007f9c70077000):  VMThread [stack: 0x00007f9c54f0a000,0x00007f9c5500b000] [id=24613]

Stack: [0x00007f9c54f0a000,0x00007f9c5500b000],  sp=0x00007f9c55009090,  free space=1020k
Native frames: (J=compiled Java code, j=interpreted, Vv=VM code, C=native code)
V  [libjvm.so+0xaba7ea]  VMError::report_and_die()+0x2ba
V  [libjvm.so+0x4f9e3b]  report_vm_out_of_memory(char const*, int, unsigned long, VMErrorType, char const*)+0x8b
V  [libjvm.so+0x91b613]  os::Linux::commit_memory_impl(char*, unsigned long, bool)+0x103
V  [libjvm.so+0x91bb69]  os::pd_commit_memory(char*, unsigned long, unsigned long, bool)+0x29
V  [libjvm.so+0x915e6a]  os::commit_memory(char*, unsigned long, unsigned long, bool)+0x2a
V  [libjvm.so+0x989543]  PSVirtualSpace::expand_by(unsigned long)+0x53
V  [libjvm.so+0x979e30]  PSOldGen::expand(unsigned long)+0x170
V  [libjvm.so+0x97a03b]  PSOldGen::resize(unsigned long)+0x1cb
V  [libjvm.so+0x981d11]  PSParallelCompact::invoke_no_policy(bool)+0x991
V  [libjvm.so+0x98766d]  PSScavenge::invoke()+0x1ad
V  [libjvm.so+0x93f300]  ParallelScavengeHeap::failed_mem_allocate(unsigned long)+0x70
V  [libjvm.so+0xabc207]  VM_ParallelGCFailedAllocation::doit()+0x97
V  [libjvm.so+0xac3c35]  VM_Operation::evaluate()+0x55
V  [libjvm.so+0xac200a]  VMThread::evaluate_operation(VM_Operation*)+0xba
V  [libjvm.so+0xac238e]  VMThread::loop()+0x1ce
V  [libjvm.so+0xac2800]  VMThread::run()+0x70
V  [libjvm.so+0x91d9d8]  java_start(Thread*)+0x108

VM_Operation (0x00007f9c5409e5d0): ParallelGCFailedAllocation, mode: safepoint, requested by thread 0x00007f9c70aaf000


---------------  P R O C E S S  ---------------

Java Threads: ( => current thread )
  0x00007f9c18534000 JavaThread "pool-642-thread-1" [_thread_blocked, id=26369, stack(0x00007f9be76ff000,0x00007f9be7800000)]
  0x00007f9bf4060800 JavaThread "pool-331-thread-1" [_thread_blocked, id=25436, stack(0x00007f9c004f5000,0x00007f9c005f6000)]
  0x00007f9c18599800 JavaThread "Transaction Reaper Worker 0" daemon [_thread_blocked, id=25069, stack(0x00007f9c3040f000,0x00007f9c30510000)]
  0x00007f9c18598800 JavaThread "Transaction Reaper" daemon [_thread_blocked, id=25068, stack(0x00007f9c023f8000,0x00007f9c024f9000)]
  0x00007f9c18590800 JavaThread "Listener:39179" daemon [_thread_in_native, id=25067, stack(0x00007f9c022f7000,0x00007f9c023f8000)]
  0x00007f9c2c001000 JavaThread "Attach Listener" daemon [_thread_blocked, id=24632, stack(0x00007f9c30c11000,0x00007f9c30d12000)]
  0x00007f9c04139800 JavaThread "Abandoned connection cleanup thread" daemon [_thread_blocked, id=24630, stack(0x00007f9c30910000,0x00007f9c30a11000)]
  0x00007f9c70ad1000 JavaThread "/0:0:0:0:0:0:0:1:39712 to /0:0:0:0:0:0:0:1:34937 workers Thread 3" [_thread_in_native, id=24628, stack(0x00007f9c30f12000,0x00007f9c31013000)]
  0x00007f9c70ab6000 JavaThread "/0:0:0:0:0:0:0:1:39712 to /0:0:0:0:0:0:0:1:34937 workers Thread 2" [_thread_blocked, id=24627, stack(0x00007f9c31013000,0x00007f9c31114000)]
  0x00007f9c70aaf000 JavaThread "Test worker" [_thread_blocked, id=24626, stack(0x00007f9c54035000,0x00007f9c54136000)]
  0x00007f9c700fc800 JavaThread "Service Thread" daemon [_thread_blocked, id=24620, stack(0x00007f9c54803000,0x00007f9c54904000)]
  0x00007f9c700ef800 JavaThread "C1 CompilerThread2" daemon [_thread_blocked, id=24619, stack(0x00007f9c54904000,0x00007f9c54a05000)]
  0x00007f9c700ed000 JavaThread "C2 CompilerThread1" daemon [_thread_blocked, id=24618, stack(0x00007f9c54a05000,0x00007f9c54b06000)]
  0x00007f9c700eb800 JavaThread "C2 CompilerThread0" daemon [_thread_blocked, id=24617, stack(0x00007f9c54b06000,0x00007f9c54c07000)]
  0x00007f9c700e8800 JavaThread "Signal Dispatcher" daemon [_thread_blocked, id=24616, stack(0x00007f9c54c07000,0x00007f9c54d08000)]
  0x00007f9c70083000 JavaThread "Finalizer" daemon [_thread_blocked, id=24615, stack(0x00007f9c54d08000,0x00007f9c54e09000)]
  0x00007f9c7007e800 JavaThread "Reference Handler" daemon [_thread_blocked, id=24614, stack(0x00007f9c54e09000,0x00007f9c54f0a000)]
  0x00007f9c70008800 JavaThread "main" [_thread_blocked, id=24604, stack(0x00007f9c75fdf000,0x00007f9c760e0000)]

Other Threads:
=>0x00007f9c70077000 VMThread [stack: 0x00007f9c54f0a000,0x00007f9c5500b000] [id=24613]
  0x00007f9c70107800 WatcherThread [stack: 0x00007f9c54702000,0x00007f9c54803000] [id=24621]

VM state:at safepoint (normal execution)

VM Mutex/Monitor currently owned by a thread:  ([mutex/lock_event])
[0x00007f9c70006040] ExpandHeap_lock - owner thread: 0x00007f9c70077000
[0x00007f9c700066c0] Threads_lock - owner thread: 0x00007f9c70077000
[0x00007f9c70006bc0] Heap_lock - owner thread: 0x00007f9c70aaf000

Heap:
 PSYoungGen      total 931840K, used 254076K [0x000000076ab00000, 0x00000007c0000000, 0x00000007c0000000)
  eden space 465920K, 0% used [0x000000076ab00000,0x000000076ab00000,0x0000000787200000)
  from space 465920K, 54% used [0x00000007a3900000,0x00000007b311f2a8,0x00000007c0000000)
  to   space 465920K, 0% used [0x0000000787200000,0x0000000787200000,0x00000007a3900000)
 ParOldGen       total 1238016K, used 1237584K [0x00000006c0000000, 0x000000070b900000, 0x000000076ab00000)
  object space 1238016K, 99% used [0x00000006c0000000,0x000000070b8943d8,0x000000070b900000)
 Metaspace       used 108518K, capacity 120715K, committed 123136K, reserved 1155072K
  class space    used 15580K, capacity 17930K, committed 18176K, reserved 1048576K

Card table byte_map: [0x00007f9c5f9cf000,0x00007f9c601d0000] byte_map_base: 0x00007f9c5c3cf000

Marking Bits: (ParMarkBitMap*) 0x00007f9c754b7100
 Begin Bits: [0x00007f9c57176000, 0x00007f9c5b176000)
 End Bits:   [0x00007f9c5b176000, 0x00007f9c5f176000)

Polling page: 0x00007f9c76113000

CodeCache: size=245760Kb used=74138Kb max_used=75909Kb free=171621Kb
 bounds [0x00007f9c60590000, 0x00007f9c65040000, 0x00007f9c6f590000]
 total_blobs=19946 nmethods=19339 adapters=514
 compilation: enabled

Compilation events (10 events):
Event: 223.091 Thread 0x00007f9c700ed000 nmethod 29225 0x00007f9c6105f750 code [0x00007f9c6105f8a0, 0x00007f9c6105f938]
Event: 224.186 Thread 0x00007f9c700eb800 29226       4       net.bytebuddy.ByteBuddy::with (45 bytes)
Event: 224.192 Thread 0x00007f9c700eb800 nmethod 29226 0x00007f9c6084cdd0 code [0x00007f9c6084cf20, 0x00007f9c6084d078]
Event: 224.687 Thread 0x00007f9c700ed000 29227       4       net.bytebuddy.ClassFileVersion$VersionLocator$ForLegacyVm::run (5 bytes)
Event: 224.688 Thread 0x00007f9c700ed000 nmethod 29227 0x00007f9c60e28350 code [0x00007f9c60e284c0, 0x00007f9c60e285a8]
Event: 224.900 Thread 0x00007f9c700eb800 29228   !   4       org.junit.runners.ParentRunner::getFilteredChildren (47 bytes)
Event: 224.904 Thread 0x00007f9c700eb800 nmethod 29228 0x00007f9c61482a50 code [0x00007f9c61482bc0, 0x00007f9c61483018]
Event: 225.014 Thread 0x00007f9c700ed000 29229   !   4       java.io.FileOutputStream::close (62 bytes)
Event: 225.018 Thread 0x00007f9c700ed000 nmethod 29229 0x00007f9c60e6ff90 code [0x00007f9c60e70100, 0x00007f9c60e70828]
Event: 225.333 Thread 0x00007f9c700eb800 29230       4       net.bytebuddy.ByteBuddy::redefine (52 bytes)

GC Heap History (10 events):
Event: 217.014 GC heap after
Heap after GC invocations=99 (full 4):
 PSYoungGen      total 931840K, used 465896K [0x000000076ab00000, 0x00000007c0000000, 0x00000007c0000000)
  eden space 465920K, 0% used [0x000000076ab00000,0x000000076ab00000,0x0000000787200000)
  from space 465920K, 99% used [0x0000000787200000,0x00000007a38fa070,0x00000007a3900000)
  to   space 465920K, 0% used [0x00000007a3900000,0x00000007a3900000,0x00000007c0000000)
 ParOldGen       total 887296K, used 816900K [0x00000006c0000000, 0x00000006f6280000, 0x000000076ab00000)
  object space 887296K, 92% used [0x00000006c0000000,0x00000006f1dc1280,0x00000006f6280000)
 Metaspace       used 104282K, capacity 115795K, committed 118272K, reserved 1150976K
  class space    used 14773K, capacity 16946K, committed 17152K, reserved 1048576K
}
Event: 217.014 GC heap before
{Heap before GC invocations=100 (full 5):
 PSYoungGen      total 931840K, used 465896K [0x000000076ab00000, 0x00000007c0000000, 0x00000007c0000000)
  eden space 465920K, 0% used [0x000000076ab00000,0x000000076ab00000,0x0000000787200000)
  from space 465920K, 99% used [0x0000000787200000,0x00000007a38fa070,0x00000007a3900000)
  to   space 465920K, 0% used [0x00000007a3900000,0x00000007a3900000,0x00000007c0000000)
 ParOldGen       total 887296K, used 816900K [0x00000006c0000000, 0x00000006f6280000, 0x000000076ab00000)
  object space 887296K, 92% used [0x00000006c0000000,0x00000006f1dc1280,0x00000006f6280000)
 Metaspace       used 104282K, capacity 115795K, committed 118272K, reserved 1150976K
  class space    used 14773K, capacity 16946K, committed 17152K, reserved 1048576K
Event: 220.372 GC heap after
Heap after GC invocations=100 (full 5):
 PSYoungGen      total 931840K, used 368142K [0x000000076ab00000, 0x00000007c0000000, 0x00000007c0000000)
  eden space 465920K, 0% used [0x000000076ab00000,0x000000076ab00000,0x0000000787200000)
  from space 465920K, 79% used [0x0000000787200000,0x000000079d983ba0,0x00000007a3900000)
  to   space 465920K, 0% used [0x00000007a3900000,0x00000007a3900000,0x00000007c0000000)
 ParOldGen       total 1238016K, used 886836K [0x00000006c0000000, 0x000000070b900000, 0x000000076ab00000)
  object space 1238016K, 71% used [0x00000006c0000000,0x00000006f620d1e8,0x000000070b900000)
 Metaspace       used 104282K, capacity 115795K, committed 118272K, reserved 1150976K
  class space    used 14773K, capacity 16946K, committed 17152K, reserved 1048576K
}
Event: 221.639 GC heap before
{Heap before GC invocations=101 (full 5):
 PSYoungGen      total 931840K, used 834062K [0x000000076ab00000, 0x00000007c0000000, 0x00000007c0000000)
  eden space 465920K, 100% used [0x000000076ab00000,0x0000000787200000,0x0000000787200000)
  from space 465920K, 79% used [0x0000000787200000,0x000000079d983ba0,0x00000007a3900000)
  to   space 465920K, 0% used [0x00000007a3900000,0x00000007a3900000,0x00000007c0000000)
 ParOldGen       total 1238016K, used 886836K [0x00000006c0000000, 0x000000070b900000, 0x000000076ab00000)
  object space 1238016K, 71% used [0x00000006c0000000,0x00000006f620d1e8,0x000000070b900000)
 Metaspace       used 105694K, capacity 117435K, committed 119936K, reserved 1150976K
  class space    used 15042K, capacity 17274K, committed 17536K, reserved 1048576K
Event: 222.295 GC heap after
Heap after GC invocations=101 (full 5):
 PSYoungGen      total 931840K, used 404580K [0x000000076ab00000, 0x00000007c0000000, 0x00000007c0000000)
  eden space 465920K, 0% used [0x000000076ab00000,0x000000076ab00000,0x0000000787200000)
  from space 465920K, 86% used [0x00000007a3900000,0x00000007bc4191f0,0x00000007c0000000)
  to   space 465920K, 0% used [0x0000000787200000,0x0000000787200000,0x00000007a3900000)
 ParOldGen       total 1238016K, used 936628K [0x00000006c0000000, 0x000000070b900000, 0x000000076ab00000)
  object space 1238016K, 75% used [0x00000006c0000000,0x00000006f92ad1e8,0x000000070b900000)
 Metaspace       used 105694K, capacity 117435K, committed 119936K, reserved 1150976K
  class space    used 15042K, capacity 17274K, committed 17536K, reserved 1048576K
}
Event: 223.519 GC heap before
{Heap before GC invocations=102 (full 5):
 PSYoungGen      total 931840K, used 870500K [0x000000076ab00000, 0x00000007c0000000, 0x00000007c0000000)
  eden space 465920K, 100% used [0x000000076ab00000,0x0000000787200000,0x0000000787200000)
  from space 465920K, 86% used [0x00000007a3900000,0x00000007bc4191f0,0x00000007c0000000)
  to   space 465920K, 0% used [0x0000000787200000,0x0000000787200000,0x00000007a3900000)
 ParOldGen       total 1238016K, used 936628K [0x00000006c0000000, 0x000000070b900000, 0x000000076ab00000)
  object space 1238016K, 75% used [0x00000006c0000000,0x00000006f92ad1e8,0x000000070b900000)
 Metaspace       used 107106K, capacity 119075K, committed 121600K, reserved 1153024K
  class space    used 15311K, capacity 17602K, committed 17920K, reserved 1048576K
Event: 224.174 GC heap after
Heap after GC invocations=102 (full 5):
 PSYoungGen      total 931840K, used 358494K [0x000000076ab00000, 0x00000007c0000000, 0x00000007c0000000)
  eden space 465920K, 0% used [0x000000076ab00000,0x000000076ab00000,0x0000000787200000)
  from space 465920K, 76% used [0x0000000787200000,0x000000079d017bf0,0x00000007a3900000)
  to   space 465920K, 0% used [0x00000007a3900000,0x00000007a3900000,0x00000007c0000000)
 ParOldGen       total 1238016K, used 1062260K [0x00000006c0000000, 0x000000070b900000, 0x000000076ab00000)
  object space 1238016K, 85% used [0x00000006c0000000,0x0000000700d5d1e8,0x000000070b900000)
 Metaspace       used 107106K, capacity 119075K, committed 121600K, reserved 1153024K
  class space    used 15311K, capacity 17602K, committed 17920K, reserved 1048576K
}
Event: 225.377 GC heap before
{Heap before GC invocations=103 (full 5):
 PSYoungGen      total 931840K, used 824414K [0x000000076ab00000, 0x00000007c0000000, 0x00000007c0000000)
  eden space 465920K, 100% used [0x000000076ab00000,0x0000000787200000,0x0000000787200000)
  from space 465920K, 76% used [0x0000000787200000,0x000000079d017bf0,0x00000007a3900000)
  to   space 465920K, 0% used [0x00000007a3900000,0x00000007a3900000,0x00000007c0000000)
 ParOldGen       total 1238016K, used 1062260K [0x00000006c0000000, 0x000000070b900000, 0x000000076ab00000)
  object space 1238016K, 85% used [0x00000006c0000000,0x0000000700d5d1e8,0x000000070b900000)
 Metaspace       used 108518K, capacity 120715K, committed 123136K, reserved 1155072K
  class space    used 15580K, capacity 17930K, committed 18176K, reserved 1048576K
Event: 225.983 GC heap after
Heap after GC invocations=103 (full 5):
 PSYoungGen      total 931840K, used 322718K [0x000000076ab00000, 0x00000007c0000000, 0x00000007c0000000)
  eden space 465920K, 0% used [0x000000076ab00000,0x000000076ab00000,0x0000000787200000)
  from space 465920K, 69% used [0x00000007a3900000,0x00000007b7427bf0,0x00000007c0000000)
  to   space 465920K, 0% used [0x0000000787200000,0x0000000787200000,0x00000007a3900000)
 ParOldGen       total 1238016K, used 1177524K [0x00000006c0000000, 0x000000070b900000, 0x000000076ab00000)
  object space 1238016K, 95% used [0x00000006c0000000,0x0000000707ded1e8,0x000000070b900000)
 Metaspace       used 108518K, capacity 120715K, committed 123136K, reserved 1155072K
  class space    used 15580K, capacity 17930K, committed 18176K, reserved 1048576K
}
Event: 225.983 GC heap before
{Heap before GC invocations=104 (full 6):
 PSYoungGen      total 931840K, used 322718K [0x000000076ab00000, 0x00000007c0000000, 0x00000007c0000000)
  eden space 465920K, 0% used [0x000000076ab00000,0x000000076ab00000,0x0000000787200000)
  from space 465920K, 69% used [0x00000007a3900000,0x00000007b7427bf0,0x00000007c0000000)
  to   space 465920K, 0% used [0x0000000787200000,0x0000000787200000,0x00000007a3900000)
 ParOldGen       total 1238016K, used 1177524K [0x00000006c0000000, 0x000000070b900000, 0x000000076ab00000)
  object space 1238016K, 95% used [0x00000006c0000000,0x0000000707ded1e8,0x000000070b900000)
 Metaspace       used 108518K, capacity 120715K, committed 123136K, reserved 1155072K
  class space    used 15580K, capacity 17930K, committed 18176K, reserved 1048576K

Deoptimization events (10 events):
Event: 199.942 Thread 0x00007f9c70aaf000 Uncommon trap: reason=array_check action=maybe_recompile pc=0x00007f9c65033af0 method=java.util.TimSort.mergeLo(IIII)V @ 245
Event: 199.942 Thread 0x00007f9c70aaf000 Uncommon trap: reason=array_check action=maybe_recompile pc=0x00007f9c65033af0 method=java.util.TimSort.mergeLo(IIII)V @ 245
Event: 200.099 Thread 0x00007f9c70aaf000 Uncommon trap: reason=array_check action=maybe_recompile pc=0x00007f9c607263d8 method=java.util.TimSort.mergeLo(IIII)V @ 212
Event: 200.113 Thread 0x00007f9c70aaf000 Uncommon trap: reason=array_check action=maybe_recompile pc=0x00007f9c607263d8 method=java.util.TimSort.mergeLo(IIII)V @ 212
Event: 200.306 Thread 0x00007f9c70aaf000 Uncommon trap: reason=array_check action=maybe_recompile pc=0x00007f9c632ade98 method=java.util.TimSort.mergeLo(IIII)V @ 375
Event: 200.306 Thread 0x00007f9c70aaf000 Uncommon trap: reason=array_check action=maybe_recompile pc=0x00007f9c632ade98 method=java.util.TimSort.mergeLo(IIII)V @ 375
Event: 200.502 Thread 0x00007f9c70aaf000 Uncommon trap: reason=array_check action=maybe_recompile pc=0x00007f9c6076a960 method=java.util.TimSort.mergeLo(IIII)V @ 468
Event: 200.503 Thread 0x00007f9c70aaf000 Uncommon trap: reason=array_check action=maybe_recompile pc=0x00007f9c6076a960 method=java.util.TimSort.mergeLo(IIII)V @ 468
Event: 200.631 Thread 0x00007f9c70aaf000 Uncommon trap: reason=array_check action=maybe_recompile pc=0x00007f9c618ad230 method=java.util.TimSort.mergeLo(IIII)V @ 590
Event: 200.632 Thread 0x00007f9c70aaf000 Uncommon trap: reason=array_check action=maybe_recompile pc=0x00007f9c618ad230 method=java.util.TimSort.mergeLo(IIII)V @ 590

Internal exceptions (10 events):
Event: 181.084 Thread 0x00007f9c70aaf000 Exception <a 'java/lang/ClassNotFoundException': com/sun/org/glassfish/hk2/osgiresourcelocator/ServiceLoader> (0x000000078cecf5e8) thrown at [/HUDSON/workspace/8-2-build-linux-amd64/jdk8u77/6540/hotspot/src/share/vm/classfile/systemDictionary.cpp, line 21
Event: 181.584 Thread 0x00007f9c70aaf000 Exception <a 'java/lang/ClassNotFoundException': com/sun/org/glassfish/hk2/osgiresourcelocator/ServiceLoader> (0x000000076b3c5788) thrown at [/HUDSON/workspace/8-2-build-linux-amd64/jdk8u77/6540/hotspot/src/share/vm/classfile/systemDictionary.cpp, line 21
Event: 182.092 Thread 0x00007f9c70aaf000 Exception <a 'java/lang/ClassNotFoundException': com/sun/org/glassfish/hk2/osgiresourcelocator/ServiceLoader> (0x00000007749beb10) thrown at [/HUDSON/workspace/8-2-build-linux-amd64/jdk8u77/6540/hotspot/src/share/vm/classfile/systemDictionary.cpp, line 21
Event: 182.691 Thread 0x00007f9c70aaf000 Exception <a 'java/lang/ClassNotFoundException': com/sun/org/glassfish/hk2/osgiresourcelocator/ServiceLoader> (0x000000078150e890) thrown at [/HUDSON/workspace/8-2-build-linux-amd64/jdk8u77/6540/hotspot/src/share/vm/classfile/systemDictionary.cpp, line 21
Event: 182.904 Thread 0x00007f9c187a4000 Exception <a 'java/lang/reflect/InvocationTargetException'> (0x0000000787a19808) thrown at [/HUDSON/workspace/8-2-build-linux-amd64/jdk8u77/6540/hotspot/src/share/vm/runtime/reflection.cpp, line 1092]
Event: 184.224 Thread 0x00007f9c70aaf000 Implicit null exception at 0x00007f9c64c1c365 to 0x00007f9c64c1cf2e
Event: 185.384 Thread 0x00007f9c18b47800 Implicit null exception at 0x00007f9c63e0f3e6 to 0x00007f9c63e0f6bd
Event: 185.384 Thread 0x00007f9c18b47800 Exception <a 'java/lang/NullPointerException'> (0x0000000777b37e50) thrown at [/HUDSON/workspace/8-2-build-linux-amd64/jdk8u77/6540/hotspot/src/share/vm/runtime/sharedRuntime.cpp, line 605]
Event: 185.384 Thread 0x00007f9c18b47800 Exception <a 'java/lang/reflect/InvocationTargetException'> (0x0000000777b38240) thrown at [/HUDSON/workspace/8-2-build-linux-amd64/jdk8u77/6540/hotspot/src/share/vm/runtime/reflection.cpp, line 1092]
Event: 185.386 Thread 0x00007f9c18b47800 Exception <a 'java/lang/reflect/InvocationTargetException'> (0x0000000777b485d0) thrown at [/HUDSON/workspace/8-2-build-linux-amd64/jdk8u77/6540/hotspot/src/share/vm/runtime/reflection.cpp, line 1092]

Events (10 events):
Event: 224.905 Thread 0x00007f9c700eb800 flushing nmethod 0x00007f9c62a5b6d0
Event: 224.905 Thread 0x00007f9c700eb800 flushing nmethod 0x00007f9c62be5cd0
Event: 224.906 Thread 0x00007f9c700eb800 flushing nmethod 0x00007f9c62d06810
Event: 224.906 Thread 0x00007f9c700eb800 flushing nmethod 0x00007f9c62e0dc10
Event: 225.019 Thread 0x00007f9c700ed000 flushing nmethod 0x00007f9c63113c90
Event: 225.019 Thread 0x00007f9c700ed000 flushing nmethod 0x00007f9c63113f50
Event: 225.019 Thread 0x00007f9c700ed000 flushing nmethod 0x00007f9c63114750
Event: 225.019 Thread 0x00007f9c700ed000 flushing nmethod 0x00007f9c6316edd0
Event: 225.020 Thread 0x00007f9c700ed000 flushing nmethod 0x00007f9c63244bd0
Event: 225.376 Executing VM operation: ParallelGCFailedAllocation


Dynamic libraries:
00400000-00401000 r-xp 00000000 fd:00 3023710                            /usr/java/jdk1.8.0_77/bin/java
00600000-00601000 rw-p 00000000 fd:00 3023710                            /usr/java/jdk1.8.0_77/bin/java
02023000-02044000 rw-p 00000000 00:00 0                                  [heap]
6c0000000-70b900000 rw-p 00000000 00:00 0 
725e00000-76ab00000 ---p 00000000 00:00 0 
76ab00000-7c0000000 rw-p 00000000 00:00 0 
7c0000000-7c11c0000 rw-p 00000000 00:00 0 
7c11c0000-800000000 ---p 00000000 00:00 0 
7f9bd8000000-7f9bd812f000 rw-p 00000000 00:00 0 
7f9bd812f000-7f9bdc000000 ---p 00000000 00:00 0 
7f9bdc000000-7f9bddc62000 rw-p 00000000 00:00 0 
7f9bddc62000-7f9be0000000 ---p 00000000 00:00 0 
7f9be0000000-7f9be0179000 rw-p 00000000 00:00 0 
7f9be0179000-7f9be4000000 ---p 00000000 00:00 0 
7f9be4eff000-7f9be4f7f000 rw-p 00000000 00:00 0 
7f9be4f7f000-7f9be50ff000 ---p 00000000 00:00 0 
7f9be50ff000-7f9be52ff000 rw-p 00000000 00:00 0 
7f9be52ff000-7f9be54ff000 rw-p 00000000 00:00 0 
7f9be54ff000-7f9be56ff000 rw-p 00000000 00:00 0 
7f9be56ff000-7f9be58ff000 rw-p 00000000 00:00 0 
7f9be58ff000-7f9be5aff000 rw-p 00000000 00:00 0 
7f9be5aff000-7f9be5cff000 rw-p 00000000 00:00 0 
7f9be5cff000-7f9be5eff000 rw-p 00000000 00:00 0 
7f9be5eff000-7f9be60ff000 rw-p 00000000 00:00 0 
7f9be60ff000-7f9be62ff000 rw-p 00000000 00:00 0 
7f9be62ff000-7f9be64ff000 rw-p 00000000 00:00 0 
7f9be64ff000-7f9be66ff000 rw-p 00000000 00:00 0 
7f9be66ff000-7f9be68ff000 rw-p 00000000 00:00 0 
7f9be68ff000-7f9be6aff000 rw-p 00000000 00:00 0 
7f9be6aff000-7f9be6cff000 rw-p 00000000 00:00 0 
7f9be6cff000-7f9be6eff000 rw-p 00000000 00:00 0 
7f9be6eff000-7f9be70ff000 rw-p 00000000 00:00 0 
7f9be70ff000-7f9be72ff000 rw-p 00000000 00:00 0 
7f9be72ff000-7f9be74ff000 rw-p 00000000 00:00 0 
7f9be74ff000-7f9be76ff000 rw-p 00000000 00:00 0 
7f9be76ff000-7f9be7702000 ---p 00000000 00:00 0 
7f9be7702000-7f9be7a00000 rw-p 00000000 00:00 0 
7f9be7a00000-7f9be7c00000 rw-p 00000000 00:00 0 
7f9be7c00000-7f9be7e00000 rw-p 00000000 00:00 0 
7f9be7e00000-7f9be8000000 rw-p 00000000 00:00 0 
7f9be8000000-7f9be8116000 rw-p 00000000 00:00 0 
7f9be8116000-7f9bec000000 ---p 00000000 00:00 0 
7f9bec000000-7f9bec078000 rw-p 00000000 00:00 0 
7f9bec078000-7f9bf0000000 ---p 00000000 00:00 0 
7f9bf0000000-7f9bf0295000 rw-p 00000000 00:00 0 
7f9bf0295000-7f9bf4000000 ---p 00000000 00:00 0 
7f9bf4000000-7f9bf4115000 rw-p 00000000 00:00 0 
7f9bf4115000-7f9bf8000000 ---p 00000000 00:00 0 
7f9bf8000000-7f9bf803c000 rw-p 00000000 00:00 0 
7f9bf803c000-7f9bfc000000 ---p 00000000 00:00 0 
7f9bfc000000-7f9bfc3e5000 rw-p 00000000 00:00 0 
7f9bfc3e5000-7f9c00000000 ---p 00000000 00:00 0 
7f9c000d1000-7f9c000f3000 r--s 0038e000 fd:00 555292                     /usr/java/jdk1.8.0_77/jre/lib/ext/cldrdata.jar
7f9c000f3000-7f9c000f6000 ---p 00000000 00:00 0 
7f9c000f6000-7f9c003f4000 rw-p 00000000 00:00 0 
7f9c003f4000-7f9c003f7000 ---p 00000000 00:00 0 
7f9c003f7000-7f9c004f5000 rw-p 00000000 00:00 0 
7f9c004f5000-7f9c004f8000 ---p 00000000 00:00 0 
7f9c004f8000-7f9c005f6000 rw-p 00000000 00:00 0 
7f9c005f6000-7f9c005f9000 ---p 00000000 00:00 0 
7f9c005f9000-7f9c008f7000 rw-p 00000000 00:00 0 
7f9c008f7000-7f9c00af7000 rw-p 00000000 00:00 0 
7f9c00af7000-7f9c00cf7000 rw-p 00000000 00:00 0 
7f9c00cf7000-7f9c00ef7000 rw-p 00000000 00:00 0 
7f9c00ef7000-7f9c010f7000 rw-p 00000000 00:00 0 
7f9c010f7000-7f9c012f7000 rw-p 00000000 00:00 0 
7f9c012f7000-7f9c014f7000 rw-p 00000000 00:00 0 
7f9c014f7000-7f9c016f7000 rw-p 00000000 00:00 0 
7f9c016f7000-7f9c018f7000 rw-p 00000000 00:00 0 
7f9c018f7000-7f9c01af7000 rw-p 00000000 00:00 0 
7f9c01af7000-7f9c01cf7000 rw-p 00000000 00:00 0 
7f9c01cf7000-7f9c01ef7000 rw-p 00000000 00:00 0 
7f9c01ef7000-7f9c020f7000 rw-p 00000000 00:00 0 
7f9c020f7000-7f9c022f7000 rw-p 00000000 00:00 0 
7f9c022f7000-7f9c022fa000 ---p 00000000 00:00 0 
7f9c022fa000-7f9c023f8000 rw-p 00000000 00:00 0 
7f9c023f8000-7f9c023fb000 ---p 00000000 00:00 0 
7f9c023fb000-7f9c026f9000 rw-p 00000000 00:00 0 
7f9c026f9000-7f9c028f9000 rw-p 00000000 00:00 0 
7f9c028f9000-7f9c02af9000 rw-p 00000000 00:00 0 
7f9c02af9000-7f9c02b03000 r-xp 00000000 fd:00 3023853                    /usr/java/jdk1.8.0_77/jre/lib/amd64/libinstrument.so
7f9c02b03000-7f9c02d02000 ---p 0000a000 fd:00 3023853                    /usr/java/jdk1.8.0_77/jre/lib/amd64/libinstrument.so
7f9c02d02000-7f9c02d03000 rw-p 00009000 fd:00 3023853                    /usr/java/jdk1.8.0_77/jre/lib/amd64/libinstrument.so
7f9c02d03000-7f9c02d06000 r-xp 00000000 fd:00 3023837                    /usr/java/jdk1.8.0_77/jre/lib/amd64/libattach.so
7f9c02d06000-7f9c02f05000 ---p 00003000 fd:00 3023837                    /usr/java/jdk1.8.0_77/jre/lib/amd64/libattach.so
7f9c02f05000-7f9c02f06000 rw-p 00002000 fd:00 3023837                    /usr/java/jdk1.8.0_77/jre/lib/amd64/libattach.so
7f9c02f06000-7f9c02f77000 r-xp 00000000 fd:00 2757326                    /usr/lib64/libpcre.so.1.2.9
7f9c02f77000-7f9c03177000 ---p 00071000 fd:00 2757326                    /usr/lib64/libpcre.so.1.2.9
7f9c03177000-7f9c03178000 r--p 00071000 fd:00 2757326                    /usr/lib64/libpcre.so.1.2.9
7f9c03178000-7f9c03179000 rw-p 00072000 fd:00 2757326                    /usr/lib64/libpcre.so.1.2.9
7f9c03179000-7f9c0318f000 r-xp 00000000 fd:00 2753579                    /usr/lib64/libgcc_s-7-20170915.so.1
7f9c0318f000-7f9c0338e000 ---p 00016000 fd:00 2753579                    /usr/lib64/libgcc_s-7-20170915.so.1
7f9c0338e000-7f9c0338f000 r--p 00015000 fd:00 2753579                    /usr/lib64/libgcc_s-7-20170915.so.1
7f9c0338f000-7f9c03390000 rw-p 00016000 fd:00 2753579                    /usr/lib64/libgcc_s-7-20170915.so.1
7f9c03390000-7f9c03394000 r-xp 00000000 fd:00 2761486                    /usr/lib64/libcap.so.2.25
7f9c03394000-7f9c03593000 ---p 00004000 fd:00 2761486                    /usr/lib64/libcap.so.2.25
7f9c03593000-7f9c03594000 r--p 00003000 fd:00 2761486                    /usr/lib64/libcap.so.2.25
7f9c03594000-7f9c03595000 rw-p 00004000 fd:00 2761486                    /usr/lib64/libcap.so.2.25
7f9c03595000-7f9c035ba000 r-xp 00000000 fd:00 2761177                    /usr/lib64/libselinux.so.1
7f9c035ba000-7f9c037b9000 ---p 00025000 fd:00 2761177                    /usr/lib64/libselinux.so.1
7f9c037b9000-7f9c037ba000 r--p 00024000 fd:00 2761177                    /usr/lib64/libselinux.so.1
7f9c037ba000-7f9c037bb000 rw-p 00025000 fd:00 2761177                    /usr/lib64/libselinux.so.1
7f9c037bb000-7f9c037bd000 rw-p 00000000 00:00 0 
7f9c037bd000-7f9c037ce000 r-xp 00000000 fd:00 2763358                    /usr/lib64/libnss_myhostname.so.2
7f9c037ce000-7f9c037cf000 ---p 00011000 fd:00 2763358                    /usr/lib64/libnss_myhostname.so.2
7f9c037cf000-7f9c037d1000 r--p 00011000 fd:00 2763358                    /usr/lib64/libnss_myhostname.so.2
7f9c037d1000-7f9c037d2000 rw-p 00013000 fd:00 2763358                    /usr/lib64/libnss_myhostname.so.2
7f9c037d2000-7f9c037d3000 rw-p 00000000 00:00 0 
7f9c037d3000-7f9c037ea000 r-xp 00000000 fd:00 2758077                    /usr/lib64/libresolv-2.25.so
7f9c037ea000-7f9c039e9000 ---p 00017000 fd:00 2758077                    /usr/lib64/libresolv-2.25.so
7f9c039e9000-7f9c039ea000 r--p 00016000 fd:00 2758077                    /usr/lib64/libresolv-2.25.so
7f9c039ea000-7f9c039eb000 rw-p 00017000 fd:00 2758077                    /usr/lib64/libresolv-2.25.so
7f9c039eb000-7f9c039ed000 rw-p 00000000 00:00 0 
7f9c039ed000-7f9c039f2000 r-xp 00000000 fd:00 2759450                    /usr/lib64/libnss_dns-2.25.so
7f9c039f2000-7f9c03bf2000 ---p 00005000 fd:00 2759450                    /usr/lib64/libnss_dns-2.25.so
7f9c03bf2000-7f9c03bf3000 r--p 00005000 fd:00 2759450                    /usr/lib64/libnss_dns-2.25.so
7f9c03bf3000-7f9c03bf4000 rw-p 00006000 fd:00 2759450                    /usr/lib64/libnss_dns-2.25.so
7f9c03bf4000-7f9c03bf6000 r-xp 00000000 fd:00 2761437                    /usr/lib64/libnss_mdns4_minimal.so.2
7f9c03bf6000-7f9c03df5000 ---p 00002000 fd:00 2761437                    /usr/lib64/libnss_mdns4_minimal.so.2
7f9c03df5000-7f9c03df6000 r--p 00001000 fd:00 2761437                    /usr/lib64/libnss_mdns4_minimal.so.2
7f9c03df6000-7f9c03df7000 rw-p 00000000 00:00 0 
7f9c03df7000-7f9c03e00000 r-xp 00000000 fd:00 3023877                    /usr/java/jdk1.8.0_77/jre/lib/amd64/libmanagement.so
7f9c03e00000-7f9c03fff000 ---p 00009000 fd:00 3023877                    /usr/java/jdk1.8.0_77/jre/lib/amd64/libmanagement.so
7f9c03fff000-7f9c04000000 rw-p 00008000 fd:00 3023877                    /usr/java/jdk1.8.0_77/jre/lib/amd64/libmanagement.so
7f9c04000000-7f9c04489000 rw-p 00000000 00:00 0 
7f9c04489000-7f9c08000000 ---p 00000000 00:00 0 
7f9c08000000-7f9c08021000 rw-p 00000000 00:00 0 
7f9c08021000-7f9c0c000000 ---p 00000000 00:00 0 
7f9c0c000000-7f9c0c021000 rw-p 00000000 00:00 0 
7f9c0c021000-7f9c10000000 ---p 00000000 00:00 0 
7f9c10000000-7f9c10066000 rw-p 00000000 00:00 0 
7f9c10066000-7f9c14000000 ---p 00000000 00:00 0 
7f9c14000000-7f9c14021000 rw-p 00000000 00:00 0 
7f9c14021000-7f9c18000000 ---p 00000000 00:00 0 
7f9c18000000-7f9c1901e000 rw-p 00000000 00:00 0 
7f9c1901e000-7f9c1c000000 ---p 00000000 00:00 0 
7f9c1c000000-7f9c1d9b0000 rw-p 00000000 00:00 0 
7f9c1d9b0000-7f9c20000000 ---p 00000000 00:00 0 
7f9c20000000-7f9c20021000 rw-p 00000000 00:00 0 
7f9c20021000-7f9c24000000 ---p 00000000 00:00 0 
7f9c24000000-7f9c278c2000 rw-p 00000000 00:00 0 
7f9c278c2000-7f9c28000000 ---p 00000000 00:00 0 
7f9c28000000-7f9c2bfff000 rw-p 00000000 00:00 0 
7f9c2bfff000-7f9c2c000000 ---p 00000000 00:00 0 
7f9c2c000000-7f9c2c021000 rw-p 00000000 00:00 0 
7f9c2c021000-7f9c30000000 ---p 00000000 00:00 0 
7f9c3000f000-7f9c3020f000 rw-p 00000000 00:00 0 
7f9c3020f000-7f9c3040f000 rw-p 00000000 00:00 0 
7f9c3040f000-7f9c30412000 ---p 00000000 00:00 0 
7f9c30412000-7f9c30710000 rw-p 00000000 00:00 0 
7f9c30710000-7f9c30910000 rw-p 00000000 00:00 0 
7f9c30910000-7f9c30913000 ---p 00000000 00:00 0 
7f9c30913000-7f9c30c11000 rw-p 00000000 00:00 0 
7f9c30c11000-7f9c30c14000 ---p 00000000 00:00 0 
7f9c30c14000-7f9c30f12000 rw-p 00000000 00:00 0 
7f9c30f12000-7f9c30f15000 ---p 00000000 00:00 0 
7f9c30f15000-7f9c31013000 rw-p 00000000 00:00 0 
7f9c31013000-7f9c31016000 ---p 00000000 00:00 0 
7f9c31016000-7f9c31114000 rw-p 00000000 00:00 0 
7f9c31114000-7f9c31125000 r-xp 00000000 fd:00 3023880                    /usr/java/jdk1.8.0_77/jre/lib/amd64/libnio.so
7f9c31125000-7f9c31324000 ---p 00011000 fd:00 3023880                    /usr/java/jdk1.8.0_77/jre/lib/amd64/libnio.so
7f9c31324000-7f9c31325000 rw-p 00010000 fd:00 3023880                    /usr/java/jdk1.8.0_77/jre/lib/amd64/libnio.so
7f9c31325000-7f9c3133b000 r-xp 00000000 fd:00 3023879                    /usr/java/jdk1.8.0_77/jre/lib/amd64/libnet.so
7f9c3133b000-7f9c3153b000 ---p 00016000 fd:00 3023879                    /usr/java/jdk1.8.0_77/jre/lib/amd64/libnet.so
7f9c3153b000-7f9c3153c000 rw-p 00016000 fd:00 3023879                    /usr/java/jdk1.8.0_77/jre/lib/amd64/libnet.so
7f9c3153c000-7f9c38000000 r--p 00000000 fd:00 2756716                    /usr/lib/locale/locale-archive
7f9c38000000-7f9c38021000 rw-p 00000000 00:00 0 
7f9c38021000-7f9c3c000000 ---p 00000000 00:00 0 
7f9c3c000000-7f9c3c021000 rw-p 00000000 00:00 0 
7f9c3c021000-7f9c40000000 ---p 00000000 00:00 0 
7f9c40000000-7f9c40022000 rw-p 00000000 00:00 0 
7f9c40022000-7f9c44000000 ---p 00000000 00:00 0 
7f9c44000000-7f9c4475c000 rw-p 00000000 00:00 0 
7f9c4475c000-7f9c48000000 ---p 00000000 00:00 0 
7f9c48000000-7f9c4802b000 rw-p 00000000 00:00 0 
7f9c4802b000-7f9c4c000000 ---p 00000000 00:00 0 
7f9c4c000000-7f9c4c021000 rw-p 00000000 00:00 0 
7f9c4c021000-7f9c50000000 ---p 00000000 00:00 0 
7f9c50000000-7f9c50039000 rw-p 00000000 00:00 0 
7f9c50039000-7f9c54000000 ---p 00000000 00:00 0 
7f9c54012000-7f9c5401d000 r--s 0021a000 fd:00 555342                     /usr/java/jdk1.8.0_77/jre/lib/ext/localedata.jar
7f9c5401d000-7f9c54032000 r--s 000ff000 fd:00 3023973                    /usr/java/jdk1.8.0_77/jre/lib/resources.jar
7f9c54032000-7f9c54033000 r--s 00000000 00:2a 9008549                    /tmp/byteBuddyAgent4409470280107906710.jar
7f9c54033000-7f9c54034000 r--s 00000000 00:2a 9007046                    /tmp/mockitoboot6402123732566525604.jar
7f9c54035000-7f9c54038000 ---p 00000000 00:00 0 
7f9c54038000-7f9c54136000 rw-p 00000000 00:00 0 
7f9c54136000-7f9c54176000 r--s 00277000 fd:02 922513                     /home/ccranfor/.gradle/caches/modules-2/files-2.1/org.bouncycastle/bcprov-jdk15on/1.51/9ab8afcc2842d5ef06eb775a0a2b12783b99aa80/bcprov-jdk15on-1.51.jar
7f9c54176000-7f9c54178000 r--s 00005000 fd:02 3562                       /home/ccranfor/.gradle/caches/modules-2/files-2.1/stax/stax-api/1.0.1/49c100caf72d658aca8e58bd74a4ba90fa2b0d70/stax-api-1.0.1.jar
7f9c54178000-7f9c5417a000 r--s 00000000 fd:02 8653641                    /home/ccranfor/.gradle/caches/modules-2/files-2.1/org.wildfly.core/wildfly-core-security-api/2.0.10.Final/dfb5402fadeec2c7ca0e2085d8e659d96eb3b57b/wildfly-core-security-api-2.0.10.Final.jar
7f9c5417a000-7f9c5418d000 r--s 000d5000 fd:02 8653639                    /home/ccranfor/.gradle/caches/modules-2/files-2.1/org.picketbox/picketbox/4.9.4.Final/8074db1d9ea28196d3ea72dcd829c896d4abd98f/picketbox-4.9.4.Final.jar
7f9c5418d000-7f9c5418e000 r--s 00008000 fd:02 5638722                    /home/ccranfor/.gradle/caches/modules-2/files-2.1/org.jboss/staxmapper/1.2.0.Final/527c34c682080be6f442b525ea89607fcd8e88ea/staxmapper-1.2.0.Final.jar
7f9c5418e000-7f9c54190000 r--s 0000b000 fd:02 3556                       /home/ccranfor/.gradle/caches/modules-2/files-2.1/net.minidev/json-smart/1.1.1/24a2f903d25e004de30ac602c5b47f2d4e420a59/json-smart-1.1.1.jar
7f9c54190000-7f9c54191000 r--s 00002000 fd:02 3558                       /home/ccranfor/.gradle/caches/modules-2/files-2.1/com.nimbusds/lang-tag/1.4/61813ab726bac7955f9e99f6fd0345b8a6105ae5/lang-tag-1.4.jar
7f9c54191000-7f9c54198000 r--s 0005e000 fd:02 5506764                    /home/ccranfor/.gradle/caches/modules-2/files-2.1/org.apache.commons/commons-lang3/3.3.1/6738a2da2202ce360f0af90aba005c1e05a2c4cd/commons-lang3-3.3.1.jar
7f9c54198000-7f9c54199000 r--s 00000000 fd:02 4727042                    /home/ccranfor/.gradle/caches/modules-2/files-2.1/net.jcip/jcip-annotations/1.0/afba4942caaeaf46aab0b976afd57cc7c181467e/jcip-annotations-1.0.jar
7f9c54199000-7f9c5419c000 r--s 00028000 fd:02 3560                       /home/ccranfor/.gradle/caches/modules-2/files-2.1/com.nimbusds/nimbus-jose-jwt/3.1.2/105c0ca7e1dc2c0bfaa1b8c65d7bc45231935e19/nimbus-jose-jwt-3.1.2.jar
7f9c5419c000-7f9c541a0000 r--s 00034000 fd:02 11806460                   /home/ccranfor/.gradle/caches/modules-2/files-2.1/org.codehaus.jackson/jackson-core-asl/1.9.2/8493982bba1727106d767034bd0d8e77bc1931a9/jackson-core-asl-1.9.2.jar
7f9c541a0000-7f9c541ae000 r--s 000ad000 fd:02 11806462                   /home/ccranfor/.gradle/caches/modules-2/files-2.1/org.codehaus.jackson/jackson-mapper-asl/1.9.2/95400a7922ce75383866eb72f6ef4a7897923945/jackson-mapper-asl-1.9.2.jar
7f9c541ae000-7f9c541af000 r--s 00006000 fd:02 3554                       /home/ccranfor/.gradle/caches/modules-2/files-2.1/org.codehaus.jackson/jackson-xc/1.9.2/437c991a8eb2c8b69ef1dba2eba27fccb9b98448/jackson-xc-1.9.2.jar
7f9c541af000-7f9c541b0000 r--s 00004000 fd:02 3552                       /home/ccranfor/.gradle/caches/modules-2/files-2.1/org.codehaus.jackson/jackson-jaxrs/1.9.2/aedf43f1d5005561e531b6bf0d067e4d20f58aba/jackson-jaxrs-1.9.2.jar
7f9c541b0000-7f9c541b2000 r--s 0000f000 fd:02 11806458                   /home/ccranfor/.gradle/caches/modules-2/files-2.1/org.codehaus.jettison/jettison/1.1/1a01a2a1218fcf9faa2cc2a6ced025bdea687262/jettison-1.1.jar
7f9c541b2000-7f9c541bd000 r--s 00067000 fd:02 11806456                   /home/ccranfor/.gradle/caches/modules-2/files-2.1/com.sun.jersey/jersey-core/1.13/4326a56dc6b2d67b7313905c353e1af225bb164f/jersey-core-1.13.jar
7f9c541bd000-7f9c541bf000 r--s 0000e000 fd:02 6037131                    /home/ccranfor/.gradle/caches/modules-2/files-2.1/javax.activation/activation/1.1/e6cb541461c2834bdea3eb920f1884d1eb508b50/activation-1.1.jar
7f9c541bf000-7f9c541c3000 r--s 0001e000 fd:02 4721703                    /home/ccranfor/.gradle/caches/modules-2/files-2.1/org.jboss/jboss-vfs/3.2.11.Final/ef3d4abe68baf70f0e92e85ec37123df783c97a7/jboss-vfs-3.2.11.Final.jar
7f9c541c3000-7f9c541c5000 r--s 00003000 fd:02 6819782                    /home/ccranfor/.gradle/caches/modules-2/files-2.1/org.jboss.stdio/jboss-stdio/1.0.2.GA/709a076a3c74bc93809138b691dbd0e90cbc67a7/jboss-stdio-1.0.2.GA.jar
7f9c541c5000-7f9c541cb000 r--s 00054000 fd:02 8653627                    /home/ccranfor/.gradle/caches/modules-2/files-2.1/org.jboss.modules/jboss-modules/1.5.1.Final/a0abdbea3b403ce47fc515a2f5cf4eee210acc5a/jboss-modules-1.5.1.Final.jar
7f9c541cb000-7f9c541d3000 r--s 0004c000 fd:02 8653625                    /home/ccranfor/.gradle/caches/modules-2/files-2.1/org.jboss.logmanager/jboss-logmanager/2.0.3.Final/d2c746f4d4e237339bda5dbf6914b27190c4347/jboss-logmanager-2.0.3.Final.jar
7f9c541d3000-7f9c541d6000 r--s 00010000 fd:02 8653623                    /home/ccranfor/.gradle/caches/modules-2/files-2.1/org.jboss.invocation/jboss-invocation/1.4.1.Final/6e18fd31059ffc853095236afaecad29f5e8cf84/jboss-invocation-1.4.1.Final.jar
7f9c541d6000-7f9c541d7000 r--s 00003000 fd:02 8653621                    /home/ccranfor/.gradle/caches/modules-2/files-2.1/org.wildfly.core/wildfly-version/2.0.10.Final/ce44eeb2403c5e9a4181f386a18888d352a8743c/wildfly-version-2.0.10.Final.jar
7f9c541d7000-7f9c541dc000 r--s 0002a000 fd:02 11806454                   /home/ccranfor/.gradle/caches/modules-2/files-2.1/com.google.code.gson/gson/2.2.4/a60a5e993c98c864010053cb901b7eab25306568/gson-2.2.4.jar
7f9c541dc000-7f9c541de000 r--s 0000e000 fd:02 11675422                   /home/ccranfor/.gradle/caches/modules-2/files-2.1/commons-logging/commons-logging/1.1.3/f6f66e966c70a83ffbdb6f17a0919eaf7c8aca7f/commons-logging-1.1.3.jar
7f9c541de000-7f9c541e5000 r--s 0003f000 fd:02 11675420                   /home/ccranfor/.gradle/caches/modules-2/files-2.1/org.apache.httpcomponents/httpcore/4.3.3/f91b7a4aadc5cf486df6e4634748d7dd7a73f06d/httpcore-4.3.3.jar
7f9c541e5000-7f9c541e9000 r--s 0001d000 fd:02 11675416                   /home/ccranfor/.gradle/caches/modules-2/files-2.1/com.sun.jersey/jersey-client/1.13/ec38c57a78940bf5f8f5971307ca89406849647/jersey-client-1.13.jar
7f9c541e9000-7f9c541f1000 r--s 00078000 fd:02 922517                     /home/ccranfor/.gradle/caches/modules-2/files-2.1/javax.mail/mail/1.4.7/9add058589d5d85adeb625859bf2c5eeaaedf12d/mail-1.4.7.jar
7f9c541f1000-7f9c541f6000 r--s 00096000 fd:00 3023974                    /usr/java/jdk1.8.0_77/jre/lib/jsse.jar
7f9c541f6000-7f9c541fe000 r--s 00045000 fd:02 2382203                    /home/ccranfor/.gradle/wrapper/dists/gradle-4.4-bin/bgaq7vklkazwgxox0hdadxbvi/gradle-4.4/lib/plugins/junit-4.12.jar
7f9c541fe000-7f9c54203000 r--s 00041000 fd:02 2382109                    /home/ccranfor/.gradle/wrapper/dists/gradle-4.4-bin/bgaq7vklkazwgxox0hdadxbvi/gradle-4.4/lib/commons-lang-2.6.jar
7f9c54203000-7f9c54207000 r--s 00026000 fd:02 2382099                    /home/ccranfor/.gradle/wrapper/dists/gradle-4.4-bin/bgaq7vklkazwgxox0hdadxbvi/gradle-4.4/lib/kryo-2.20.jar
7f9c54207000-7f9c5420b000 r--s 00012000 fd:02 2382115                    /home/ccranfor/.gradle/wrapper/dists/gradle-4.4-bin/bgaq7vklkazwgxox0hdadxbvi/gradle-4.4/lib/native-platform-0.14.jar
7f9c5420b000-7f9c5420d000 r--s 00000000 fd:02 2382103                    /home/ccranfor/.gradle/wrapper/dists/gradle-4.4-bin/bgaq7vklkazwgxox0hdadxbvi/gradle-4.4/lib/jul-to-slf4j-1.7.10.jar
7f9c5420d000-7f9c5420f000 r--s 00006000 fd:02 2382088                    /home/ccranfor/.gradle/wrapper/dists/gradle-4.4-bin/bgaq7vklkazwgxox0hdadxbvi/gradle-4.4/lib/gradle-process-services-4.4.jar
7f9c5420f000-7f9c54213000 r--s 00019000 fd:02 2382164                    /home/ccranfor/.gradle/wrapper/dists/gradle-4.4-bin/bgaq7vklkazwgxox0hdadxbvi/gradle-4.4/lib/plugins/gradle-testing-jvm-4.4.jar
7f9c54213000-7f9c5421b000 r--s 00030000 fd:02 2382170                    /home/ccranfor/.gradle/wrapper/dists/gradle-4.4-bin/bgaq7vklkazwgxox0hdadxbvi/gradle-4.4/lib/plugins/gradle-testing-base-4.4.jar
7f9c5421b000-7f9c5421e000 r--s 0000c000 fd:02 2382091                    /home/ccranfor/.gradle/wrapper/dists/gradle-4.4-bin/bgaq7vklkazwgxox0hdadxbvi/gradle-4.4/lib/gradle-native-4.4.jar
7f9c5421e000-7f9c54220000 r--s 00005000 fd:02 2382098                    /home/ccranfor/.gradle/wrapper/dists/gradle-4.4-bin/bgaq7vklkazwgxox0hdadxbvi/gradle-4.4/lib/gradle-cli-4.4.jar
7f9c54220000-7f9c5422b000 r--s 0005b000 fd:02 2382096                    /home/ccranfor/.gradle/wrapper/dists/gradle-4.4-bin/bgaq7vklkazwgxox0hdadxbvi/gradle-4.4/lib/gradle-base-services-4.4.jar
7f9c5422b000-7f9c54231000 r--s 0002b000 fd:02 2382095                    /home/ccranfor/.gradle/wrapper/dists/gradle-4.4-bin/bgaq7vklkazwgxox0hdadxbvi/gradle-4.4/lib/gradle-messaging-4.4.jar
7f9c54231000-7f9c54238000 r--s 0002f000 fd:02 2382087                    /home/ccranfor/.gradle/wrapper/dists/gradle-4.4-bin/bgaq7vklkazwgxox0hdadxbvi/gradle-4.4/lib/gradle-logging-4.4.jar
7f9c54238000-7f9c54274000 r--s 00204000 fd:02 2382083                    /home/ccranfor/.gradle/wrapper/dists/gradle-4.4-bin/bgaq7vklkazwgxox0hdadxbvi/gradle-4.4/lib/gradle-core-4.4.jar
7f9c54274000-7f9c54280000 r--s 00032000 fd:02 2382085                    /home/ccranfor/.gradle/wrapper/dists/gradle-4.4-bin/bgaq7vklkazwgxox0hdadxbvi/gradle-4.4/lib/gradle-core-api-4.4.jar
7f9c54280000-7f9c54285000 r--s 00041000 fd:02 4854148                    /home/ccranfor/.gradle/caches/modules-2/files-2.1/commons-lang/commons-lang/2.6/ce1edb914c94ebc388f086c6827e8bdeec71ac2/commons-lang-2.6.jar
7f9c54285000-7f9c5428c000 r--s 0004b000 fd:02 4227030                    /home/ccranfor/.gradle/caches/modules-2/files-2.1/commons-codec/commons-codec/1.11/3acb4705652e16236558f0f4f2192cc33c3bd189/commons-codec-1.11.jar
7f9c5428c000-7f9c54291000 r--s 00037000 fd:02 11806452                   /home/ccranfor/.gradle/caches/modules-2/files-2.1/com.nimbusds/oauth2-oidc-sdk/4.5/72d219d77265d50aee1ed294d05f39f332005aeb/oauth2-oidc-sdk-4.5.jar
7f9c54291000-7f9c54296000 r--s 00034000 fd:02 8653603                    /home/ccranfor/.gradle/caches/modules-2/files-2.1/org.jboss.msc/jboss-msc/1.2.6.Final/8071c9b6b73bd47c9df937f54e6081c97cb6a4fd/jboss-msc-1.2.6.Final.jar
7f9c54296000-7f9c5429a000 r--s 0001b000 fd:02 8653601                    /home/ccranfor/.gradle/caches/modules-2/files-2.1/org.jboss.threads/jboss-threads/2.2.1.Final/241031168e702352bf44a147585f95e5ac01abd6/jboss-threads-2.2.1.Final.jar
7f9c5429a000-7f9c5429c000 r--s 00016000 fd:02 8653599                    /home/ccranfor/.gradle/caches/modules-2/files-2.1/org.jboss/jboss-dmr/1.3.0.Final/fbc5b8f030921b08120bac3433525eadcfe09255/jboss-dmr-1.3.0.Final.jar
7f9c5429c000-7f9c542ae000 r--s 00245000 fd:02 6422785                    /home/ccranfor/.gradle/caches/modules-2/files-2.1/com.ibm.icu/icu4j/2.6.1/ec0b2437fa48825d7b046efafbe8d27343fe97b2/icu4j-2.6.1.jar
7f9c542ae000-7f9c542d3000 r--s 002dc000 fd:02 3932933                    /home/ccranfor/.gradle/caches/modules-2/files-2.1/xalan/xalan/2.6.0/5b010b70e16d540dcb737caa09da1034ea721704/xalan-2.6.0.jar
7f9c542d3000-7f9c542d9000 r--s 00019000 fd:02 3932931                    /home/ccranfor/.gradle/caches/modules-2/files-2.1/xerces/xmlParserAPIs/2.6.2/65acede1e5305bd2b92213d7b5761328c6f4fd9/xmlParserAPIs-2.6.2.jar
7f9c542d9000-7f9c542e5000 r--s 00085000 fd:02 6827018                    /home/ccranfor/.gradle/caches/modules-2/files-2.1/org.apache.httpcomponents/httpclient/4.3.6/4c47155e3e6c9a41a28db36680b828ced53b8af4/httpclient-4.3.6.jar
7f9c542e5000-7f9c542e9000 r--s 0002b000 fd:02 8653589                    /home/ccranfor/.gradle/caches/modules-2/files-2.1/org.wildfly.security/wildfly-elytron/1.0.2.Final/e3ac7d06d1a1fef337e90ea2fc0a9d6fdee9c26/wildfly-elytron-1.0.2.Final.jar
7f9c542e9000-7f9c542eb000 r--s 00009000 fd:02 8653617                    /home/ccranfor/.gradle/caches/modules-2/files-2.1/org.wildfly.core/wildfly-network/2.0.10.Final/4e00fa0a3a3dd1194449ab4250c1d2399bd29d3f/wildfly-network-2.0.10.Final.jar
7f9c542eb000-7f9c542ff000 r--s 000e3000 fd:02 3932929                    /home/ccranfor/.gradle/caches/modules-2/files-2.1/xerces/xercesImpl/2.6.2/897bcb56d6b7fe2070a5f561bfc78968ecdd3851/xercesImpl-2.6.2.jar
7f9c542ff000-7f9c54302000 r--s 00018000 fd:02 6422783                    /home/ccranfor/.gradle/caches/modules-2/files-2.1/xom/xom/1.0/ea0a26cf7925d47012a08f43a0b485ac23a81629/xom-1.0.jar
7f9c54302000-7f9c54305000 r--s 00023000 fd:02 3932851                    /home/ccranfor/.gradle/caches/modules-2/files-2.1/jdom/jdom/1.0/a2ac1cd690ab4c80defe7f9bce14d35934c35cec/jdom-1.0.jar
7f9c54305000-7f9c54307000 r--s 00009000 fd:02 6422706                    /home/ccranfor/.gradle/caches/modules-2/files-2.1/org.slf4j/slf4j-api/1.7.21/139535a69a4239db087de9bab0bee568bf8e0b70/slf4j-api-1.7.21.jar
7f9c54307000-7f9c54309000 r--s 0000f000 fd:02 7871431                    /home/ccranfor/.gradle/caches/modules-2/files-2.1/com.microsoft.azure/adal4j/1.0.0/880e133fdc0082cda48bd12b7a07f1311c2a6d73/adal4j-1.0.0.jar
7f9c54309000-7f9c5430c000 r--s 00019000 fd:02 6422704                    /home/ccranfor/.gradle/caches/modules-2/files-2.1/org.mongodb/bson/2.13.0/d9698480746cd6ab071dd072de7f4a760f63e974/bson-2.13.0.jar
7f9c5430c000-7f9c54310000 r--s 00024000 fd:02 6422702                    /home/ccranfor/.gradle/caches/modules-2/files-2.1/org.codehaus.woodstox/stax2-api/3.1.4/ac19014b1e6a7c08aad07fe114af792676b685b7/stax2-api-3.1.4.jar
7f9c54310000-7f9c54312000 r--s 00004000 fd:02 6422700                    /home/ccranfor/.gradle/caches/modules-2/files-2.1/javax.xml.stream/stax-api/1.0-2/d6337b0de8b25e53e81b922352fbea9f9f57ba0b/stax-api-1.0-2.jar
7f9c54312000-7f9c54315000 r--s 00017000 fd:02 5506768                    /home/ccranfor/.gradle/caches/modules-2/files-2.1/javax.xml.bind/jaxb-api/2.2.2/aeb3021ca93dde265796d82015beecdcff95bf09/jaxb-api-2.2.2.jar
7f9c54315000-7f9c54328000 r--s 000c7000 fd:02 5383423                    /home/ccranfor/.gradle/caches/modules-2/files-2.1/com.sun.xml.bind/jaxb-impl/2.2.3-1/56baae106392040a45a06d4a41099173425da1e6/jaxb-impl-2.2.3-1.jar
7f9c54328000-7f9c5432b000 r--s 0000d000 fd:02 11669654                   /home/ccranfor/.gradle/caches/modules-2/files-2.1/org.jboss.arquillian.core/arquillian-core-impl-base/1.1.11.Final/6b58288a464e295e93bb0c029910e0ebd6adc022/arquillian-core-impl-base-1.1.11.Final.jar
7f9c5432b000-7f9c5432c000 r--s 00000000 fd:02 11669646                   /home/ccranfor/.gradle/caches/modules-2/files-2.1/org.jboss.arquillian.test/arquillian-test-api/1.1.11.Final/a2618054d354f2d103220ba2152d35f2b4a5ee30/arquillian-test-api-1.1.11.Final.jar
7f9c5432c000-7f9c5432f000 r--s 00008000 fd:02 11669648                   /home/ccranfor/.gradle/caches/modules-2/files-2.1/org.jboss.arquillian.test/arquillian-test-spi/1.1.11.Final/999cf9a818186395e587147b404eded45e2f56a0/arquillian-test-spi-1.1.11.Final.jar
7f9c5432f000-7f9c54331000 r--s 00005000 fd:02 11669656                   /home/ccranfor/.gradle/caches/modules-2/files-2.1/org.jboss.arquillian.test/arquillian-test-impl-base/1.1.11.Final/e1cf2a82da4ccfbbc1b555d91d429ec9aaa5b233/arquillian-test-impl-base-1.1.11.Final.jar
7f9c54331000-7f9c54333000 r--s 00008000 fd:02 11669644                   /home/ccranfor/.gradle/caches/modules-2/files-2.1/org.jboss.arquillian.junit/arquillian-junit-core/1.1.11.Final/e67720a1599e6213176f9c3d3bab741d330cc484/arquillian-junit-core-1.1.11.Final.jar
7f9c54333000-7f9c54334000 r--s 00000000 fd:02 4456799                    /home/ccranfor/.gradle/caches/modules-2/files-2.1/javax.inject/javax.inject/1/6975da39a7040257bd51d21a231b76c915872d38/javax.inject-1.jar
7f9c54334000-7f9c54339000 r--s 00024000 fd:02 6567202                    /home/ccranfor/.gradle/caches/modules-2/files-2.1/com.microsoft.azure/azure-core/0.9.3/7fe32241b738aad0f700f4277fa998230c144ae7/azure-core-0.9.3.jar
7f9c54339000-7f9c5433c000 r--s 0001b000 fd:02 5383421                    /home/ccranfor/.gradle/caches/modules-2/files-2.1/com.microsoft.azure/azure-keyvault/0.9.3/4fdf9fb465677143dab121f2bbbc80afd46de647/azure-keyvault-0.9.3.jar
7f9c5433c000-7f9c5433d000 r--s 00005000 fd:02 4861056                    /home/ccranfor/.gradle/caches/modules-2/files-2.1/javax.interceptor/javax.interceptor-api/1.2/a5c058610aebacc1eb89c89e8fde2a978090e374/javax.interceptor-api-1.2.jar
7f9c5433d000-7f9c5433f000 r--s 00010000 fd:02 4329192                    /home/ccranfor/.gradle/caches/modules-2/files-2.1/javax.el/javax.el-api/3.0.0/60a59edc89f93d57541da31ee1c83428ab1cdcb3/javax.el-api-3.0.0.jar
7f9c5433f000-7f9c54342000 r--s 0000b000 fd:02 4460822                    /home/ccranfor/.gradle/caches/modules-2/files-2.1/org.objenesis/objenesis/2.5/612ecb799912ccf77cba9b3ed8c813da086076e9/objenesis-2.5.jar
7f9c54342000-7f9c54344000 r--s 00006000 fd:02 4331664                    /home/ccranfor/.gradle/caches/modules-2/files-2.1/net.bytebuddy/byte-buddy-agent/1.6.5/1a1e2189a7dcca6e861a4d71ffbda621f74072d6/byte-buddy-agent-1.6.5.jar
7f9c54344000-7f9c54347000 r--s 00011000 fd:02 4456803                    /home/ccranfor/.gradle/caches/modules-2/files-2.1/org.jboss.spec.javax.servlet/jboss-servlet-api_3.0_spec/1.0.1.Final/4097758c8002cef51d6b8585229e314192e18eab/jboss-servlet-api_3.0_spec-1.0.1.Final.jar
7f9c54347000-7f9c54348000 r--s 00007000 fd:02 2382106                    /home/ccranfor/.gradle/wrapper/dists/gradle-4.4-bin/bgaq7vklkazwgxox0hdadxbvi/gradle-4.4/lib/slf4j-api-1.7.10.jar
7f9c54348000-7f9c5434c000 r--s 00024000 fd:02 11675418                   /home/ccranfor/.gradle/caches/modules-2/files-2.1/com.sun.jersey/jersey-json/1.13/f7346cce2c0e73afd39e2783c173ee134f79a0f9/jersey-json-1.13.jar
7f9c5434c000-7f9c5434e000 r--s 00001000 fd:02 11669671                   /home/ccranfor/.gradle/caches/modules-2/files-2.1/org.jboss.arquillian.core/arquillian-core-api/1.1.11.Final/c3a8984dbd9b172e04c641db28f8b1a85695f9d4/arquillian-core-api-1.1.11.Final.jar
7f9c5434e000-7f9c54350000 r--s 00005000 fd:02 11669665                   /home/ccranfor/.gradle/caches/modules-2/files-2.1/org.jboss.arquillian.core/arquillian-core-spi/1.1.11.Final/6a459fa53984da22cdfe8c6fdb0639bb0306afa0/arquillian-core-spi-1.1.11.Final.jar
7f9c54350000-7f9c54352000 r--s 00009000 fd:02 8653563                    /home/ccranfor/.gradle/caches/modules-2/files-2.1/org.wildfly.core/wildfly-launcher/2.0.10.Final/4e63e0d2b1074de5ca5f077f9424a3bd5270a025/wildfly-launcher-2.0.10.Final.jar
7f9c54352000-7f9c54358000 r--s 00030000 fd:02 6819752                    /home/ccranfor/.gradle/caches/modules-2/files-2.1/org.jboss.marshalling/jboss-marshalling/1.4.10.Final/9a5955ce41944668ab5a5d610fa506bec7f057ee/jboss-marshalling-1.4.10.Final.jar
7f9c54358000-7f9c5435a000 r--s 00013000 fd:02 6819776                    /home/ccranfor/.gradle/caches/modules-2/files-2.1/org.jboss.marshalling/jboss-marshalling-river/1.4.10.Final/181bc342f5ccd2776393715570453201d2fd059c/jboss-marshalling-river-1.4.10.Final.jar
7f9c5435a000-7f9c54363000 r--s 00073000 fd:02 6819748                    /home/ccranfor/.gradle/caches/modules-2/files-2.1/org.jboss.xnio/xnio-api/3.3.4.Final/d7b198b24fce03e5d172bee37b1008e0afa668c4/xnio-api-3.3.4.Final.jar
7f9c54363000-7f9c54366000 r--s 00019000 fd:02 6819750                    /home/ccranfor/.gradle/caches/modules-2/files-2.1/org.jboss.xnio/xnio-nio/3.3.4.Final/f1a024ef260c91c9b0aa4d4ea4edd06627463abe/xnio-nio-3.3.4.Final.jar
7f9c54366000-7f9c54368000 r--s 00003000 fd:02 6819740                    /home/ccranfor/.gradle/caches/modules-2/files-2.1/org.jboss.shrinkwrap.descriptors/shrinkwrap-descriptors-api-base/2.0.0-alpha-8/7f446d32e508ee54201c93318c72eef2ffb87e24/shrinkwrap-descriptors-api-base-2.0.0-alpha-8.jar
7f9c54368000-7f9c54369000 r--s 00001000 fd:02 11669667                   /home/ccranfor/.gradle/caches/modules-2/files-2.1/org.jboss.arquillian.config/arquillian-config-api/1.1.11.Final/76166fce63c8555a7be27316b5b6a681404e4662/arquillian-config-api-1.1.11.Final.jar
7f9c54369000-7f9c5436b000 r--s 00008000 fd:02 6819738                    /home/ccranfor/.gradle/caches/modules-2/files-2.1/org.jboss.shrinkwrap.descriptors/shrinkwrap-descriptors-spi/2.0.0-alpha-8/fca9a421a27ddf52cc255c4d360d9b7c70689d05/shrinkwrap-descriptors-spi-2.0.0-alpha-8.jar
7f9c5436b000-7f9c5436e000 r--s 00008000 fd:02 11669669                   /home/ccranfor/.gradle/caches/modules-2/files-2.1/org.jboss.arquillian.config/arquillian-config-impl-base/1.1.11.Final/b0531db94f554f71a2fc4b74a3d537cca90b2862/arquillian-config-impl-base-1.1.11.Final.jar
7f9c5436e000-7f9c54370000 r--s 00011000 fd:02 6819742                    /home/ccranfor/.gradle/caches/modules-2/files-2.1/org.jboss.shrinkwrap.descriptors/shrinkwrap-descriptors-impl-base/2.0.0-alpha-8/9b2017df39cb9bcf9acad21b07b473bf7862a9a6/shrinkwrap-descriptors-impl-base-2.0.0-alpha-8.jar
7f9c54370000-7f9c5437e000 r--s 000a5000 fd:02 4457076                    /home/ccranfor/.gradle/caches/modules-2/files-2.1/org.jboss.jbossts/jbossjta/4.16.4.Final/11c929d01a67d9bece10783e125461e0ed3742ff/jbossjta-4.16.4.Final.jar
7f9c5437e000-7f9c54380000 r--s 00015000 fd:02 4457059                    /home/ccranfor/.gradle/caches/modules-2/files-2.1/com.experlog/xapool/1.5.0/50efa02a81bc3fb0269acd6cf7ab4123f017b520/xapool-1.5.0.jar
7f9c54380000-7f9c54381000 r--s 00003000 fd:02 8028556                    /home/ccranfor/.gradle/caches/modules-2/files-2.1/org.jboss.byteman/byteman-submit/4.0.1/67b140c09220e58d8cdd122790a8ad7e6bdc50ca/byteman-submit-4.0.1.jar
7f9c54381000-7f9c54383000 r--s 00009000 fd:02 4457078                    /home/ccranfor/.gradle/caches/modules-2/files-2.1/org.hamcrest/hamcrest-core/1.3/42a25dc3219429f0e5d060061f71acb49bf010a0/hamcrest-core-1.3.jar
7f9c54383000-7f9c543b5000 r--s 00225000 fd:02 4206060                    /home/ccranfor/.gradle/caches/modules-2/files-2.1/org.jboss.weld.se/weld-se-shaded/3.0.0.Final/ff65449ce4a75d0e1134417555f9ad5ab07d3532/weld-se-shaded-3.0.0.Final.jar
7f9c543b5000-7f9c543ba000 r--s 00036000 fd:02 5662791                    /home/ccranfor/.gradle/caches/modules-2/files-2.1/org.glassfish/javax.el/3.0.1-b08/8fa39d3901fc6ec8c0fff4ad4e48c26c4911c422/javax.el-3.0.1-b08.jar
7f9c543ba000-7f9c543c2000 r--s 00126000 fd:02 6422694                    /home/ccranfor/.gradle/caches/modules-2/files-2.1/com.ibm.informix/jdbc/4.10.7.20160517/a276c02c03f8631bc402fc016f8c5daf6b77671d/jdbc-4.10.7.20160517.jar
7f9c543c2000-7f9c543cb000 r--s 000b3000 fd:02 5251359                    /home/ccranfor/.gradle/caches/modules-2/files-2.1/com.microsoft.sqlserver/mssql-jdbc/6.1.0.jre8/47d16d9b6556cf810ce26bff54bf592b26127927/mssql-jdbc-6.1.0.jre8.jar
7f9c543cb000-7f9c543d2000 r--s 00067000 fd:02 10368226                   /home/ccranfor/.gradle/caches/modules-2/files-2.1/org.mariadb.jdbc/mariadb-java-client/1.5.7/88a39589a93750f54b28a376c12b19ee5d4c399a/mariadb-java-client-1.5.7.jar
7f9c543d2000-7f9c543e9000 r--s 001b7000 fd:02 5252435                    /home/ccranfor/.gradle/caches/modules-2/files-2.1/mysql/mysql-connector-java/6.0.5/9d8df5a1f3273110f2a9ad304961bdd03d696d86/mysql-connector-java-6.0.5.jar
7f9c543e9000-7f9c543f1000 r--s 000a6000 fd:02 4605588                    /home/ccranfor/.gradle/caches/modules-2/files-2.1/org.postgresql/postgresql/42.1.1/8a0b76d763f5382d6357c412eeb14970ba4405f3/postgresql-42.1.1.jar
7f9c543f1000-7f9c543ff000 r--s 0015a000 fd:02 5242926                    /home/ccranfor/.gradle/caches/modules-2/files-2.1/org.hsqldb/hsqldb/2.3.2/970fd7b8f635e2c19305160459649569655b843c/hsqldb-2.3.2.jar
7f9c543ff000-7f9c5440e000 r--s 001ae000 fd:02 6052201                    /home/ccranfor/.gradle/caches/modules-2/files-2.1/com.h2database/h2/1.4.196/dd0034398d593aa3588c6773faac429bbd9aea0e/h2-1.4.196.jar
7f9c5440e000-7f9c54414000 r--s 00071000 fd:02 6422692                    /home/ccranfor/.gradle/caches/modules-2/files-2.1/org.codehaus.woodstox/woodstox-core-asl/4.3.0/4e5b4dace086019d0ca4a9b4786ea1d8a51bb01c/woodstox-core-asl-4.3.0.jar
7f9c54414000-7f9c5441d000 r--s 0006f000 fd:02 4457074                    /home/ccranfor/.gradle/caches/modules-2/files-2.1/log4j/log4j/1.2.17/5af35056b4d257e4b64b9e8069c0746e8b08629f/log4j-1.2.17.jar
7f9c5441d000-7f9c5441e000 r--s 00004000 fd:02 4459735                    /home/ccranfor/.gradle/caches/modules-2/files-2.1/org.jboss.spec.javax.annotation/jboss-annotations-api_1.2_spec/1.0.0.Final/6d7ff02a645227876ed550900d32d618b8f0d556/jboss-annotations-api_1.2_spec-1.0.0.Final.jar
7f9c5441e000-7f9c54421000 r--s 0000a000 fd:02 6422779                    /home/ccranfor/.gradle/caches/modules-2/files-2.1/org.jboss.spec.javax.ejb/jboss-ejb-api_3.2_spec/1.0.0.Final/abcaf7a4049ade1b9804e0273019fa538ac6988e/jboss-ejb-api_3.2_spec-1.0.0.Final.jar
7f9c54421000-7f9c5444a000 r--s 000cb000 fd:02 5114629                    /home/ccranfor/.gradle/caches/modules-2/files-2.1/org.jboss.shrinkwrap.descriptors/shrinkwrap-descriptors-api-javaee/2.0.0-alpha-8/feb1bdc6adf287616efeed76684e4ce51ae9aa99/shrinkwrap-descriptors-api-javaee-2.0.0-alpha-8.jar
7f9c5444a000-7f9c54466000 r--s 0018b000 fd:02 5243061                    /home/ccranfor/.gradle/caches/modules-2/files-2.1/org.jboss.shrinkwrap.descriptors/shrinkwrap-descriptors-impl-javaee/2.0.0-alpha-8/775ee808bcc6dbdc0b4e22dfdf5f45fe286828c7/shrinkwrap-descriptors-impl-javaee-2.0.0-alpha-8.jar
7f9c54466000-7f9c54490000 r--s 002cc000 fd:02 4458513                    /home/ccranfor/.gradle/caches/modules-2/files-2.1/org.apache.derby/derby/10.11.1.1/df4b50061e8e4c348ce243b921f53ee63ba9bbe1/derby-10.11.1.1.jar
7f9c54490000-7f9c54495000 r--s 00017000 fd:02 4329190                    /home/ccranfor/.gradle/caches/modules-2/files-2.1/javax.enterprise/cdi-api/2.0/a9326c97797842f4689a50711dc8c028656d1196/cdi-api-2.0.jar
7f9c54495000-7f9c544a4000 r--s 0007f000 fd:02 4458245                    /home/ccranfor/.gradle/caches/modules-2/files-2.1/joda-time/joda-time/2.3/56498efd17752898cfcc3868c1b6211a07b12b8f/joda-time-2.3.jar
7f9c544a4000-7f9c544a9000 r--s 00012000 fd:02 4337565                    /home/ccranfor/.gradle/caches/modules-2/files-2.1/javax.validation/validation-api/2.0.1.Final/cb855558e6271b1b32e716d24cb85c7f583ce09e/validation-api-2.0.1.Final.jar
7f9c544a9000-7f9c544aa000 r--s 00008000 fd:02 4327366                    /home/ccranfor/.gradle/caches/modules-2/files-2.1/org.jboss.spec.javax.security.jacc/jboss-jacc-api_1.4_spec/1.0.2.Final/9a6e12ee46b076400daf66997260ea0ce4e8a872/jboss-jacc-api_1.4_spec-1.0.2.Final.jar
7f9c544aa000-7f9c544ae000 r--s 0000d000 fd:02 4458239                    /home/ccranfor/.gradle/caches/modules-2/files-2.1/org.jboss.shrinkwrap/shrinkwrap-api/1.2.6/39916427fc0d7f0db64499e36b0f3bdd97c0ee1b/shrinkwrap-api-1.2.6.jar
7f9c544ae000-7f9c544b0000 r--s 00000000 fd:02 4458515                    /home/ccranfor/.gradle/caches/modules-2/files-2.1/org.jboss.shrinkwrap/shrinkwrap-spi/1.2.6/2f5f82d975335e64793684452604d9e8edb433ae/shrinkwrap-spi-1.2.6.jar
7f9c544b0000-7f9c544b5000 r--s 0002b000 fd:02 4458241                    /home/ccranfor/.gradle/caches/modules-2/files-2.1/org.jboss.shrinkwrap/shrinkwrap-impl-base/1.2.6/ad8a42acf8404b9dbdfb586a011a34cc353c2818/shrinkwrap-impl-base-1.2.6.jar
7f9c544b5000-7f9c544b8000 r--s 0000a000 fd:02 11669663                   /home/ccranfor/.gradle/caches/modules-2/files-2.1/org.jboss.arquillian.container/arquillian-container-spi/1.1.11.Final/e8092245db7a8fbbb326baac5954ed4b89fd059c/arquillian-container-spi-1.1.11.Final.jar
7f9c544b8000-7f9c544bb000 r--s 00011000 fd:02 11669658                   /home/ccranfor/.gradle/caches/modules-2/files-2.1/org.jboss.arquillian.container/arquillian-container-impl-base/1.1.11.Final/b976d6776a44018b4309ff24d3d017c1a69e84b9/arquillian-container-impl-base-1.1.11.Final.jar
7f9c544bb000-7f9c544bd000 r--s 00001000 fd:02 11669650                   /home/ccranfor/.gradle/caches/modules-2/files-2.1/org.jboss.arquillian.container/arquillian-container-test-api/1.1.11.Final/12e0752cbc7d44ca353e3026f303ab26f9eeb1b3/arquillian-container-test-api-1.1.11.Final.jar
7f9c544bd000-7f9c544bf000 r--s 00005000 fd:02 11669652                   /home/ccranfor/.gradle/caches/modules-2/files-2.1/org.jboss.arquillian.container/arquillian-container-test-spi/1.1.11.Final/9f759ccce67975a04abfe94d3d216920c7d89700/arquillian-container-test-spi-1.1.11.Final.jar
7f9c544bf000-7f9c544c0000 r--s 00004000 fd:02 8653591                    /home/ccranfor/.gradle/caches/modules-2/files-2.1/org.jboss.arquillian.protocol/arquillian-protocol-jmx/1.1.10.Final/ec43c55290d22eff9b3fe72a2071af21c7a61838/arquillian-protocol-jmx-1.1.10.Final.jar
7f9c544c0000-7f9c544c2000 r--s 00003000 fd:02 8653583                    /home/ccranfor/.gradle/caches/modules-2/files-2.1/org.jboss.arquillian.testenricher/arquillian-testenricher-resource/1.1.10.Final/dfb613ecfab2d5e0a00fa15272140a5b99c5b61c/arquillian-testenricher-resource-1.1.10.Final.jar
7f9c544c2000-7f9c544c3000 r--s 00001000 fd:02 8653581                    /home/ccranfor/.gradle/caches/modules-2/files-2.1/org.jboss.arquillian.testenricher/arquillian-testenricher-initialcontext/1.1.10.Final/a17d1230f0643bcfe3bff86ed07748e2cd738a94/arquillian-testenricher-initialcontext-1.1.10.Final.jar
7f9c544c3000-7f9c544c4000 r--s 00004000 fd:02 8653579                    /home/ccranfor/.gradle/caches/modules-2/files-2.1/org.jboss.arquillian.testenricher/arquillian-testenricher-ejb/1.1.10.Final/d14f6fb1adb6281df14ac09d5bd750596fa84b8f/arquillian-testenricher-ejb-1.1.10.Final.jar
7f9c544c4000-7f9c544c6000 r--s 00005000 fd:02 8653577                    /home/ccranfor/.gradle/caches/modules-2/files-2.1/org.jboss.arquillian.testenricher/arquillian-testenricher-cdi/1.1.10.Final/abc7c1cd8c9180438365a32d8fe390ecdcc70b16/arquillian-testenricher-cdi-1.1.10.Final.jar
7f9c544c6000-7f9c544ca000 r--s 00017000 fd:02 11669661                   /home/ccranfor/.gradle/caches/modules-2/files-2.1/org.jboss.arquillian.container/arquillian-container-test-impl-base/1.1.11.Final/1ea260066a66567895176b136e6f6b0620cf2167/arquillian-container-test-impl-base-1.1.11.Final.jar
7f9c544ca000-7f9c544cd000 r--s 0000c000 fd:02 11669642                   /home/ccranfor/.gradle/caches/modules-2/files-2.1/org.jboss.arquillian.protocol/arquillian-protocol-servlet/1.1.11.Final/a29a4886ba3329821afba547717553fd7d9f3c4c/arquillian-protocol-servlet-1.1.11.Final.jar
7f9c544cd000-7f9c544cf000 r--s 00001000 fd:02 11669640                   /home/ccranfor/.gradle/caches/modules-2/files-2.1/org.jboss.arquillian.junit/arquillian-junit-container/1.1.11.Final/dae0719f08b32c927ee447047d83eb41cc9a3a42/arquillian-junit-container-1.1.11.Final.jar
7f9c544cf000-7f9c544d0000 r--s 00002000 fd:02 8028554                    /home/ccranfor/.gradle/caches/modules-2/files-2.1/org.jboss.byteman/byteman-install/4.0.1/2321171370aa7ff931a8acaccdc12b974f3290d6/byteman-install-4.0.1.jar
7f9c544d0000-7f9c544da000 r--s 000bc000 fd:02 8028550                    /home/ccranfor/.gradle/caches/modules-2/files-2.1/org.jboss.byteman/byteman/4.0.1/b29852968f01b17e65fd15b0455d7317ff007cf1/byteman-4.0.1.jar
7f9c544da000-7f9c544dc000 r--s 00008000 fd:02 8028538                    /home/ccranfor/.gradle/caches/modules-2/files-2.1/org.jboss.byteman/byteman-bmunit/4.0.1/3e143ef7b4415541919ca6f27f25bde11860d403/byteman-bmunit-4.0.1.jar
7f9c544dc000-7f9c544e4000 r--s 00045000 fd:02 4456938                    /home/ccranfor/.gradle/caches/modules-2/files-2.1/junit/junit/4.12/2973d150c0dc1fefe998f834810d68f278ea58ec/junit-4.12.jar
7f9c544e4000-7f9c544e9000 r--s 00048000 fd:02 3670115                    /home/ccranfor/.gradle/caches/modules-2/files-2.1/dom4j/dom4j/1.6.1/5d3ccc056b6f056dbf0dddfdf43894b9065a8f94/dom4j-1.6.1.jar
7f9c544e9000-7f9c544ef000 r--s 00032000 fd:02 6422781                    /home/ccranfor/.gradle/caches/modules-2/files-2.1/jaxen/jaxen/1.1/9aed3f74a62fc112d8d1af24fbf13b572bd69adb/jaxen-1.1.jar
7f9c544ef000-7f9c544f1000 r--s 0000e000 fd:02 5513429                    /home/ccranfor/.gradle/caches/modules-2/files-2.1/com.fasterxml/classmate/1.3.1/2ad2fd09dcf5607ca96f8ef432096a96986c40a/classmate-1.3.1.jar
7f9c544f1000-7f9c544f4000 r--s 0002b000 fd:02 4456955                    /home/ccranfor/.gradle/caches/modules-2/files-2.1/org.jboss/jandex/2.0.3.Final/bfc4d6257dbff7a33a357f0de116be6ff951d849/jandex-2.0.3.Final.jar
7f9c544f4000-7f9c544f5000 r--s 00006000 fd:02 6820174                    /home/ccranfor/.gradle/caches/modules-2/files-2.1/org.jboss.spec.javax.transaction/jboss-transaction-api_1.2_spec/1.0.1.Final/4441f144a2a1f46ed48fcc6b476a4b6295e6d524/jboss-transaction-api_1.2_spec-1.0.1.Final.jar
7f9c544f5000-7f9c54532000 r--s 0028f000 fd:02 7623154                    /home/ccranfor/.gradle/caches/modules-2/files-2.1/net.bytebuddy/byte-buddy/1.7.10/3c8ec287c0a5bd04b1e3f11723bc46a50346602b/byte-buddy-1.7.10.jar
7f9c54532000-7f9c54541000 r--s 00073000 fd:02 4731114                    /home/ccranfor/.gradle/caches/modules-2/files-2.1/org.mockito/mockito-core/2.7.5/24f0d023df553036db3e0cf949d1c4748b84bd69/mockito-core-2.7.5.jar
7f9c54541000-7f9c54542000 r--s 00000000 fd:02 9453978                    /home/ccranfor/.gradle/caches/modules-2/files-2.1/org.mockito/mockito-inline/2.7.5/afbac3add1fb9373163a4d0c807d1582224ace84/mockito-inline-2.7.5.jar
7f9c54542000-7f9c5454c000 r--s 000ab000 fd:02 4868137                    /home/ccranfor/.gradle/caches/modules-2/files-2.1/org.javassist/javassist/3.22.0-GA/3e83394258ae2089be7219b971ec21a8288528ad/javassist-3.22.0-GA.jar
7f9c5454c000-7f9c54552000 r--s 00023000 fd:02 4206047                    /home/ccranfor/.gradle/caches/modules-2/files-2.1/javax.persistence/javax.persistence-api/2.2/25665ac8c0b62f50e6488173233239120fc52c96/javax.persistence-api-2.2.jar
7f9c54552000-7f9c54554000 r--s 0000f000 fd:02 8028534                    /home/ccranfor/.gradle/caches/modules-2/files-2.1/org.jboss.logging/jboss-logging/3.3.2.Final/3789d00e859632e6c6206adc0c71625559e6e3b0/jboss-logging-3.3.2.Final.jar
7f9c54554000-7f9c54559000 r--s 0003e000 fd:02 6819778                    /home/ccranfor/.gradle/caches/modules-2/files-2.1/org.jboss.remoting/jboss-remoting/4.0.18.Final/1e12f83da1a7562a38f01d500caa3eac8fbc841/jboss-remoting-4.0.18.Final.jar
7f9c54559000-7f9c5455b000 r--s 00002000 fd:02 8653635                    /home/ccranfor/.gradle/caches/modules-2/files-2.1/org.wildfly.core/wildfly-core-security/2.0.10.Final/a69f42a3a4e179b7566eb62274f2578454919c9c/wildfly-core-security-2.0.10.Final.jar
7f9c5455b000-7f9c5455d000 r--s 0000b000 fd:02 8653631                    /home/ccranfor/.gradle/caches/modules-2/files-2.1/org.wildfly.common/wildfly-common/1.1.0.Final/877c08bd343aeb599b9cd3abae4208fc120184d1/wildfly-common-1.1.0.Final.jar
7f9c5455d000-7f9c54583000 r--s 001d8000 fd:02 8653629                    /home/ccranfor/.gradle/caches/modules-2/files-2.1/io.undertow/undertow-core/1.3.15.Final/befeded46b5b49aa16eef3ba25cec3a03fff79d2/undertow-core-1.3.15.Final.jar
7f9c54583000-7f9c54586000 r--s 0001d000 fd:02 8653615                    /home/ccranfor/.gradle/caches/modules-2/files-2.1/org.wildfly.core/wildfly-process-controller/2.0.10.Final/5f118fc183ab2f1092f469a5512283671e021f2d/wildfly-process-controller-2.0.10.Final.jar
7f9c54586000-7f9c54588000 r--s 00015000 fd:02 8653561                    /home/ccranfor/.gradle/caches/modules-2/files-2.1/org.jboss.sasl/jboss-sasl/1.0.5.Final/44fb5196d36ab056b930ed571029505330d25978/jboss-sasl-1.0.5.Final.jar
7f9c54588000-7f9c5458c000 r--s 00016000 fd:02 8653597                    /home/ccranfor/.gradle/caches/modules-2/files-2.1/org.wildfly.core/wildfly-protocol/2.0.10.Final/8a62210f9e0f69c0b805523556fee75d30e39f82/wildfly-protocol-2.0.10.Final.jar
7f9c5458c000-7f9c5458e000 r--s 00006000 fd:02 8653611                    /home/ccranfor/.gradle/caches/modules-2/files-2.1/org.wildfly.core/wildfly-deployment-repository/2.0.10.Final/88ad3cc44186fddbfaf90970beb287679ec4c6cf/wildfly-deployment-repository-2.0.10.Final.jar
7f9c5458e000-7f9c54594000 r--s 0002e000 fd:02 8653587                    /home/ccranfor/.gradle/caches/modules-2/files-2.1/org.wildfly.core/wildfly-controller-client/2.0.10.Final/2908d053b1b0a5d574d5f123482c7fb93b36bed8/wildfly-controller-client-2.0.10.Final.jar
7f9c54594000-7f9c545b7000 r--s 001a1000 fd:02 8653607                    /home/ccranfor/.gradle/caches/modules-2/files-2.1/org.wildfly.core/wildfly-controller/2.0.10.Final/5e2a6a8d1f9a3f4018a309d902cfe16292cd9371/wildfly-controller-2.0.10.Final.jar
7f9c545b7000-7f9c545b9000 r--s 0000a000 fd:02 8653637                    /home/ccranfor/.gradle/caches/modules-2/files-2.1/org.wildfly.core/wildfly-io/2.0.10.Final/619ccd2efb4d775182a31773f4c22699d668000a/wildfly-io-2.0.10.Final.jar
7f9c545b9000-7f9c545c9000 r--s 000b4000 fd:02 8653633                    /home/ccranfor/.gradle/caches/modules-2/files-2.1/org.wildfly.core/wildfly-domain-management/2.0.10.Final/f5a8e21f83f6ad6b4081685004ef3b71cb66dd7/wildfly-domain-management-2.0.10.Final.jar
7f9c545c9000-7f9c545cd000 r--s 00030000 fd:02 8653605                    /home/ccranfor/.gradle/caches/modules-2/files-2.1/org.wildfly.core/wildfly-remoting/2.0.10.Final/261b89ae5e334d474e9f9ba465d4f9179157098b/wildfly-remoting-2.0.10.Final.jar
7f9c545cd000-7f9c545cf000 r--s 00001000 fd:02 8653619                    /home/ccranfor/.gradle/caches/modules-2/files-2.1/org.wildfly.core/wildfly-self-contained/2.0.10.Final/b53253509ecff91ee54350f5e6af5deacfd55153/wildfly-self-contained-2.0.10.Final.jar
7f9c545cf000-7f9c545d2000 r--s 0001c000 fd:02 8653613                    /home/ccranfor/.gradle/caches/modules-2/files-2.1/org.wildfly.core/wildfly-platform-mbean/2.0.10.Final/90acde3264fd6b58f67dff9a07451bf66f39325d/wildfly-platform-mbean-2.0.10.Final.jar
7f9c545d2000-7f9c545d4000 r--s 00016000 fd:02 8653609                    /home/ccranfor/.gradle/caches/modules-2/files-2.1/org.wildfly.core/wildfly-domain-http-interface/2.0.10.Final/c1acc09d17eeb3eff8de4b6246ffa699aa44ed44/wildfly-domain-http-interface-2.0.10.Final.jar
7f9c545d4000-7f9c545e5000 r--s 00113000 fd:02 8653595                    /home/ccranfor/.gradle/caches/modules-2/files-2.1/org.wildfly.core/wildfly-server/2.0.10.Final/aaee34c70c4d58391b103e7ead070902d500a0bb/wildfly-server-2.0.10.Final.jar
7f9c545e5000-7f9c545ed000 r--s 00045000 fd:02 6819780                    /home/ccranfor/.gradle/caches/modules-2/files-2.1/org.jboss.remotingjmx/remoting-jmx/2.0.1.Final/69af4ada52690c7295c68b28126ab5831e7029a1/remoting-jmx-2.0.1.Final.jar
7f9c545ed000-7f9c54609000 r--s 000f5000 fd:02 10384484                   /home/ccranfor/.gradle/caches/modules-2/files-2.1/org.hibernate.validator/hibernate-validator/6.0.7.Final/8b9d9c7ec8c73963ea0fe81912fc67711a4ef76/hibernate-validator-6.0.7.Final.jar
7f9c54609000-7f9c54689000 r--s 005fb000 fd:02 3035455                    /home/ccranfor/github/Naros/hibernate-orm-18/hibernate-core/target/libs/hibernate-core-5.3.0-SNAPSHOT.jar
7f9c54689000-7f9c54702000 r--s 010d5000 fd:00 792492                     /usr/java/jdk1.8.0_77/lib/tools.jar
7f9c54702000-7f9c54703000 ---p 00000000 00:00 0 
7f9c54703000-7f9c54803000 rw-p 00000000 00:00 0 
7f9c54803000-7f9c54806000 ---p 00000000 00:00 0 
7f9c54806000-7f9c54904000 rw-p 00000000 00:00 0 
7f9c54904000-7f9c54907000 ---p 00000000 00:00 0 
7f9c54907000-7f9c54a05000 rw-p 00000000 00:00 0 
7f9c54a05000-7f9c54a08000 ---p 00000000 00:00 0 
7f9c54a08000-7f9c54b06000 rw-p 00000000 00:00 0 
7f9c54b06000-7f9c54b09000 ---p 00000000 00:00 0 
7f9c54b09000-7f9c54c07000 rw-p 00000000 00:00 0 
7f9c54c07000-7f9c54c0a000 ---p 00000000 00:00 0 
7f9c54c0a000-7f9c54d08000 rw-p 00000000 00:00 0 
7f9c54d08000-7f9c54d0b000 ---p 00000000 00:00 0 
7f9c54d0b000-7f9c54e09000 rw-p 00000000 00:00 0 
7f9c54e09000-7f9c54e0c000 ---p 00000000 00:00 0 
7f9c54e0c000-7f9c54f0a000 rw-p 00000000 00:00 0 
7f9c54f0a000-7f9c54f0b000 ---p 00000000 00:00 0 
7f9c54f0b000-7f9c55f9e000 rw-p 00000000 00:00 0 
7f9c55f9e000-7f9c56176000 r--s 03cd6000 fd:00 3023912                    /usr/java/jdk1.8.0_77/jre/lib/rt.jar
7f9c56176000-7f9c5f176000 rw-p 00000000 00:00 0 
7f9c5f176000-7f9c5f177000 ---p 00000000 00:00 0 
7f9c5f177000-7f9c5f277000 rw-p 00000000 00:00 0 
7f9c5f277000-7f9c5f278000 ---p 00000000 00:00 0 
7f9c5f278000-7f9c5f378000 rw-p 00000000 00:00 0 
7f9c5f378000-7f9c5f379000 ---p 00000000 00:00 0 
7f9c5f379000-7f9c5f6d6000 rw-p 00000000 00:00 0 
7f9c5f6d6000-7f9c5f9cf000 ---p 00000000 00:00 0 
7f9c5f9cf000-7f9c5fc2c000 rw-p 00000000 00:00 0 
7f9c5fc2c000-7f9c5ff24000 ---p 00000000 00:00 0 
7f9c5ff24000-7f9c601cf000 rw-p 00000000 00:00 0 
7f9c601cf000-7f9c602fb000 rw-p 00000000 00:00 0 
7f9c602fb000-7f9c60590000 ---p 00000000 00:00 0 
7f9c60590000-7f9c65040000 rwxp 00000000 00:00 0 
7f9c65040000-7f9c6f590000 ---p 00000000 00:00 0 
7f9c6f590000-7f9c6f5aa000 r-xp 00000000 fd:00 3023894                    /usr/java/jdk1.8.0_77/jre/lib/amd64/libzip.so
7f9c6f5aa000-7f9c6f7aa000 ---p 0001a000 fd:00 3023894                    /usr/java/jdk1.8.0_77/jre/lib/amd64/libzip.so
7f9c6f7aa000-7f9c6f7ab000 rw-p 0001a000 fd:00 3023894                    /usr/java/jdk1.8.0_77/jre/lib/amd64/libzip.so
7f9c6f7ab000-7f9c6f7b6000 r-xp 00000000 fd:00 2757981                    /usr/lib64/libnss_files-2.25.so
7f9c6f7b6000-7f9c6f9b5000 ---p 0000b000 fd:00 2757981                    /usr/lib64/libnss_files-2.25.so
7f9c6f9b5000-7f9c6f9b6000 r--p 0000a000 fd:00 2757981                    /usr/lib64/libnss_files-2.25.so
7f9c6f9b6000-7f9c6f9b7000 rw-p 0000b000 fd:00 2757981                    /usr/lib64/libnss_files-2.25.so
7f9c6f9b7000-7f9c6f9bd000 rw-p 00000000 00:00 0 
7f9c6f9bd000-7f9c6f9e7000 r-xp 00000000 fd:00 3023858                    /usr/java/jdk1.8.0_77/jre/lib/amd64/libjava.so
7f9c6f9e7000-7f9c6fbe7000 ---p 0002a000 fd:00 3023858                    /usr/java/jdk1.8.0_77/jre/lib/amd64/libjava.so
7f9c6fbe7000-7f9c6fbe9000 rw-p 0002a000 fd:00 3023858                    /usr/java/jdk1.8.0_77/jre/lib/amd64/libjava.so
7f9c6fbe9000-7f9c6fbf6000 r-xp 00000000 fd:00 3023893                    /usr/java/jdk1.8.0_77/jre/lib/amd64/libverify.so
7f9c6fbf6000-7f9c6fdf6000 ---p 0000d000 fd:00 3023893                    /usr/java/jdk1.8.0_77/jre/lib/amd64/libverify.so
7f9c6fdf6000-7f9c6fdf8000 rw-p 0000d000 fd:00 3023893                    /usr/java/jdk1.8.0_77/jre/lib/amd64/libverify.so
7f9c6fdf8000-7f9c6fdff000 r-xp 00000000 fd:00 2758092                    /usr/lib64/librt-2.25.so
7f9c6fdff000-7f9c6fffe000 ---p 00007000 fd:00 2758092                    /usr/lib64/librt-2.25.so
7f9c6fffe000-7f9c6ffff000 r--p 00006000 fd:00 2758092                    /usr/lib64/librt-2.25.so
7f9c6ffff000-7f9c70000000 rw-p 00007000 fd:00 2758092                    /usr/lib64/librt-2.25.so
7f9c70000000-7f9c70b08000 rw-p 00000000 00:00 0 
7f9c70b08000-7f9c74000000 ---p 00000000 00:00 0 
7f9c74000000-7f9c74005000 r--s 00034000 fd:02 8653593                    /home/ccranfor/.gradle/caches/modules-2/files-2.1/org.wildfly.core/wildfly-jmx/2.0.10.Final/304f73069a843287b43421659bb1e4312fc24330/wildfly-jmx-2.0.10.Final.jar
7f9c74005000-7f9c740eb000 rw-p 00000000 00:00 0 
7f9c740eb000-7f9c740ec000 ---p 00000000 00:00 0 
7f9c740ec000-7f9c741ec000 rw-p 00000000 00:00 0 
7f9c741ec000-7f9c74301000 r-xp 00000000 fd:00 2756699                    /usr/lib64/libm-2.25.so
7f9c74301000-7f9c74500000 ---p 00115000 fd:00 2756699                    /usr/lib64/libm-2.25.so
7f9c74500000-7f9c74501000 r--p 00114000 fd:00 2756699                    /usr/lib64/libm-2.25.so
7f9c74501000-7f9c74502000 rw-p 00115000 fd:00 2756699                    /usr/lib64/libm-2.25.so
7f9c74502000-7f9c751c1000 r-xp 00000000 fd:00 3023898                    /usr/java/jdk1.8.0_77/jre/lib/amd64/server/libjvm.so
7f9c751c1000-7f9c753c0000 ---p 00cbf000 fd:00 3023898                    /usr/java/jdk1.8.0_77/jre/lib/amd64/server/libjvm.so
7f9c753c0000-7f9c75499000 rw-p 00cbe000 fd:00 3023898                    /usr/java/jdk1.8.0_77/jre/lib/amd64/server/libjvm.so
7f9c75499000-7f9c754e2000 rw-p 00000000 00:00 0 
7f9c754e2000-7f9c756ad000 r-xp 00000000 fd:00 2755299                    /usr/lib64/libc-2.25.so
7f9c756ad000-7f9c758ad000 ---p 001cb000 fd:00 2755299                    /usr/lib64/libc-2.25.so
7f9c758ad000-7f9c758b1000 r--p 001cb000 fd:00 2755299                    /usr/lib64/libc-2.25.so
7f9c758b1000-7f9c758b3000 rw-p 001cf000 fd:00 2755299                    /usr/lib64/libc-2.25.so
7f9c758b3000-7f9c758b7000 rw-p 00000000 00:00 0 
7f9c758b7000-7f9c758ba000 r-xp 00000000 fd:00 2755536                    /usr/lib64/libdl-2.25.so
7f9c758ba000-7f9c75ab9000 ---p 00003000 fd:00 2755536                    /usr/lib64/libdl-2.25.so
7f9c75ab9000-7f9c75aba000 r--p 00002000 fd:00 2755536                    /usr/lib64/libdl-2.25.so
7f9c75aba000-7f9c75abb000 rw-p 00003000 fd:00 2755536                    /usr/lib64/libdl-2.25.so
7f9c75abb000-7f9c75ad0000 r-xp 00000000 fd:00 792350                     /usr/java/jdk1.8.0_77/lib/amd64/jli/libjli.so
7f9c75ad0000-7f9c75cd0000 ---p 00015000 fd:00 792350                     /usr/java/jdk1.8.0_77/lib/amd64/jli/libjli.so
7f9c75cd0000-7f9c75cd1000 rw-p 00015000 fd:00 792350                     /usr/java/jdk1.8.0_77/lib/amd64/jli/libjli.so
7f9c75cd1000-7f9c75cea000 r-xp 00000000 fd:00 2758043                    /usr/lib64/libpthread-2.25.so
7f9c75cea000-7f9c75eea000 ---p 00019000 fd:00 2758043                    /usr/lib64/libpthread-2.25.so
7f9c75eea000-7f9c75eeb000 r--p 00019000 fd:00 2758043                    /usr/lib64/libpthread-2.25.so
7f9c75eeb000-7f9c75eec000 rw-p 0001a000 fd:00 2758043                    /usr/lib64/libpthread-2.25.so
7f9c75eec000-7f9c75ef0000 rw-p 00000000 00:00 0 
7f9c75ef0000-7f9c75f17000 r-xp 00000000 fd:00 2753603                    /usr/lib64/ld-2.25.so
7f9c75f17000-7f9c75f18000 r--s 00002000 fd:02 8653585                    /home/ccranfor/.gradle/caches/modules-2/files-2.1/org.wildfly.arquillian/wildfly-arquillian-testenricher-msc/2.0.0.Final/417850cc65810424aad2d210b5d4bd4ae8e598e3/wildfly-arquillian-testenricher-msc-2.0.0.Final.jar
7f9c75f18000-7f9c75f1b000 r--s 0000d000 fd:02 6819744                    /home/ccranfor/.gradle/caches/modules-2/files-2.1/org.wildfly.arquillian/wildfly-arquillian-common/2.0.0.Final/45df625db952842d9358135218ad6e1ede09afe7/wildfly-arquillian-common-2.0.0.Final.jar
7f9c75f1b000-7f9c75f1d000 r--s 0000a000 fd:02 6819746                    /home/ccranfor/.gradle/caches/modules-2/files-2.1/org.wildfly.arquillian/wildfly-arquillian-protocol-jmx/2.0.0.Final/70d6d0096f7d3e3baa8c90fc08767a3db92a45bc/wildfly-arquillian-protocol-jmx-2.0.0.Final.jar
7f9c75f1d000-7f9c75f1f000 r--s 00003000 fd:02 4327613                    /home/ccranfor/.gradle/caches/modules-2/files-2.1/org.wildfly.arquillian/wildfly-arquillian-container-managed/2.0.0.Final/508a92fbdc8a1212289c2d3c8ca028fd7f760bee/wildfly-arquillian-container-managed-2.0.0.Final.jar
7f9c75f1f000-7f9c75f22000 r--s 00010000 fd:02 4471226                    /home/ccranfor/.gradle/caches/modules-2/files-2.1/org.hibernate.common/hibernate-commons-annotations/5.0.2.Final/f35f9e2a0969a37fe3794716c47c2d5974a2d94a/hibernate-commons-annotations-5.0.2.Final.jar
7f9c75f22000-7f9c75f27000 r--s 00028000 fd:02 3035837                    /home/ccranfor/github/Naros/hibernate-orm-18/tooling/metamodel-generator/target/libs/hibernate-jpamodelgen-5.3.0-SNAPSHOT.jar
7f9c75f27000-7f9c75f2c000 r--s 00068000 fd:02 4456511                    /home/ccranfor/.gradle/caches/modules-2/files-2.1/antlr/antlr/2.7.7/83cd2cd674a217ade95a4bb83a8a14f351f48bd0/antlr-2.7.7.jar
7f9c75f2c000-7f9c75f33000 r--s 0002e000 fd:02 6843542                    /home/ccranfor/github/Naros/hibernate-orm-18/hibernate-testing/target/libs/hibernate-testing-5.3.0-SNAPSHOT.jar
7f9c75f33000-7f9c75f34000 r--s 00006000 fd:02 2632777                    /home/ccranfor/.gradle/caches/4.4/workerMain/gradle-worker.jar
7f9c75f34000-7f9c75fdf000 rw-p 00000000 00:00 0 
7f9c75fdf000-7f9c75fe2000 ---p 00000000 00:00 0 
7f9c75fe2000-7f9c7610a000 rw-p 00000000 00:00 0 
7f9c7610a000-7f9c76112000 rw-s 00000000 00:2a 9007025                    /tmp/hsperfdata_ccranfor/24602
7f9c76112000-7f9c76113000 rw-p 00000000 00:00 0 
7f9c76113000-7f9c76114000 ---p 00000000 00:00 0 
7f9c76114000-7f9c76116000 rw-p 00000000 00:00 0 
7f9c76116000-7f9c76117000 r--p 00026000 fd:00 2753603                    /usr/lib64/ld-2.25.so
7f9c76117000-7f9c76119000 rw-p 00027000 fd:00 2753603                    /usr/lib64/ld-2.25.so
7ffededc0000-7ffedede2000 rw-p 00000000 00:00 0                          [stack]
7ffededf0000-7ffededf3000 r--p 00000000 00:00 0                          [vvar]
7ffededf3000-7ffededf5000 r-xp 00000000 00:00 0                          [vdso]
ffffffffff600000-ffffffffff601000 r-xp 00000000 00:00 0                  [vsyscall]

VM Arguments:
jvm_args: -Dhibernate.test.validatefailureexpected=true -Djava.security.manager=worker.org.gradle.process.internal.worker.child.BootstrapSecurityManager -Dorg.gradle.native=false -XX:+HeapDumpOnOutOfMemoryError -XX:HeapDumpPath=/home/ccranfor/github/Naros/hibernate-orm-18/hibernate-core/target/OOM-dump.hprof -XX:MetaspaceSize=512M -Xmx4G -Dfile.encoding=utf-8 -Duser.country=US -Duser.language=en -Duser.variant -ea 
java_command: worker.org.gradle.process.internal.worker.GradleWorkerMain 'Gradle Test Executor 6'
java_class_path (initial): /home/ccranfor/.gradle/caches/4.4/workerMain/gradle-worker.jar
Launcher Type: SUN_STANDARD

Environment Variables:
JAVA_HOME=/usr/java/latest
PATH=/usr/lib64/qt-3.3/bin:/usr/local/bin:/usr/local/sbin:/usr/bin:/usr/sbin:/home/ccranfor/.local/bin:/home/ccranfor/bin:/opt/mssql-tools/bin:/opt/openshift/latest:/home/ccranfor/.local/bin:/home/ccranfor/bin:/opt/mssql-tools/bin:/opt/openshift/latest
USERNAME=ccranfor
SHELL=/bin/bash
DISPLAY=:0

Signal Handlers:
SIGSEGV: [libjvm.so+0xabb070], sa_mask[0]=11111111011111111101111111111110, sa_flags=SA_RESTART|SA_SIGINFO
SIGBUS: [libjvm.so+0xabb070], sa_mask[0]=11111111011111111101111111111110, sa_flags=SA_RESTART|SA_SIGINFO
SIGFPE: [libjvm.so+0x918480], sa_mask[0]=11111111011111111101111111111110, sa_flags=SA_RESTART|SA_SIGINFO
SIGPIPE: [libjvm.so+0x918480], sa_mask[0]=11111111011111111101111111111110, sa_flags=SA_RESTART|SA_SIGINFO
SIGXFSZ: [libjvm.so+0x918480], sa_mask[0]=11111111011111111101111111111110, sa_flags=SA_RESTART|SA_SIGINFO
SIGILL: [libjvm.so+0x918480], sa_mask[0]=11111111011111111101111111111110, sa_flags=SA_RESTART|SA_SIGINFO
SIGUSR1: SIG_DFL, sa_mask[0]=00000000000000000000000000000000, sa_flags=none
SIGUSR2: [libjvm.so+0x919ab0], sa_mask[0]=00100000000000000000000000000000, sa_flags=SA_RESTART|SA_SIGINFO
SIGHUP: [libjvm.so+0x91aeb0], sa_mask[0]=11111111011111111101111111111110, sa_flags=SA_RESTART|SA_SIGINFO
SIGINT: [libjvm.so+0x91aeb0], sa_mask[0]=11111111011111111101111111111110, sa_flags=SA_RESTART|SA_SIGINFO
SIGTERM: [libjvm.so+0x91aeb0], sa_mask[0]=11111111011111111101111111111110, sa_flags=SA_RESTART|SA_SIGINFO
SIGQUIT: [libjvm.so+0x91aeb0], sa_mask[0]=11111111011111111101111111111110, sa_flags=SA_RESTART|SA_SIGINFO


---------------  S Y S T E M  ---------------

OS:Fedora release 26 (Twenty Six)

uname:Linux 4.13.13-200.fc26.x86_64 #1 SMP Wed Nov 15 15:46:36 UTC 2017 x86_64
libc:glibc 2.25 NPTL 2.25 
rlimit: STACK 8192k, CORE infinity, NPROC 46756, NOFILE 4096, AS infinity
load average:4.36 3.90 2.90

/proc/meminfo:
MemTotal:       11994748 kB
MemFree:          146784 kB
MemAvailable:     101352 kB
Buffers:            1220 kB
Cached:           647888 kB
SwapCached:        36944 kB
Active:         10254792 kB
Inactive:        1086064 kB
Active(anon):   10197324 kB
Inactive(anon):  1034868 kB
Active(file):      57468 kB
Inactive(file):    51196 kB
Unevictable:         784 kB
Mlocked:             784 kB
SwapTotal:       6029308 kB
SwapFree:          77824 kB
Dirty:               500 kB
Writeback:             0 kB
AnonPages:      10659212 kB
Mapped:           444568 kB
Shmem:            540428 kB
Slab:             221380 kB
SReclaimable:     106504 kB
SUnreclaim:       114876 kB
KernelStack:       24144 kB
PageTables:       135524 kB
NFS_Unstable:          0 kB
Bounce:                0 kB
WritebackTmp:          0 kB
CommitLimit:    12026680 kB
Committed_AS:   29016252 kB
VmallocTotal:   34359738367 kB
VmallocUsed:           0 kB
VmallocChunk:          0 kB
HardwareCorrupted:     0 kB
AnonHugePages:         0 kB
ShmemHugePages:        0 kB
ShmemPmdMapped:        0 kB
CmaTotal:              0 kB
CmaFree:               0 kB
HugePages_Total:       0
HugePages_Free:        0
HugePages_Rsvd:        0
HugePages_Surp:        0
Hugepagesize:       2048 kB
DirectMap4k:      846460 kB
DirectMap2M:    11425792 kB
DirectMap1G:           0 kB


CPU:total 4 (2 cores per cpu, 2 threads per core) family 6 model 61 stepping 4, cmov, cx8, fxsr, mmx, sse, sse2, sse3, ssse3, sse4.1, sse4.2, popcnt, avx, avx2, aes, clmul, erms, rtm, 3dnowpref, lzcnt, ht, tsc, tscinvbit, bmi1, bmi2, adx

/proc/cpuinfo:
processor	: 0
vendor_id	: GenuineIntel
cpu family	: 6
model		: 61
model name	: Intel(R) Core(TM) i7-5600U CPU @ 2.60GHz
stepping	: 4
microcode	: 0x25
cpu MHz		: 2593.967
cache size	: 4096 KB
physical id	: 0
siblings	: 4
core id		: 0
cpu cores	: 2
apicid		: 0
initial apicid	: 0
fpu		: yes
fpu_exception	: yes
cpuid level	: 20
wp		: yes
flags		: fpu vme de pse tsc msr pae mce cx8 apic sep mtrr pge mca cmov pat pse36 clflush dts acpi mmx fxsr sse sse2 ss ht tm pbe syscall nx pdpe1gb rdtscp lm constant_tsc arch_perfmon pebs bts rep_good nopl xtopology nonstop_tsc cpuid aperfmperf pni pclmulqdq dtes64 monitor ds_cpl vmx smx est tm2 ssse3 sdbg fma cx16 xtpr pdcm pcid sse4_1 sse4_2 x2apic movbe popcnt tsc_deadline_timer aes xsave avx f16c rdrand lahf_lm abm 3dnowprefetch cpuid_fault epb intel_pt tpr_shadow vnmi flexpriority ept vpid fsgsbase tsc_adjust bmi1 hle avx2 smep bmi2 erms invpcid rtm rdseed adx smap xsaveopt dtherm ida arat pln pts
bugs		:
bogomips	: 5187.93
clflush size	: 64
cache_alignment	: 64
address sizes	: 39 bits physical, 48 bits virtual
power management:

processor	: 1
vendor_id	: GenuineIntel
cpu family	: 6
model		: 61
model name	: Intel(R) Core(TM) i7-5600U CPU @ 2.60GHz
stepping	: 4
microcode	: 0x25
cpu MHz		: 2593.967
cache size	: 4096 KB
physical id	: 0
siblings	: 4
core id		: 0
cpu cores	: 2
apicid		: 1
initial apicid	: 1
fpu		: yes
fpu_exception	: yes
cpuid level	: 20
wp		: yes
flags		: fpu vme de pse tsc msr pae mce cx8 apic sep mtrr pge mca cmov pat pse36 clflush dts acpi mmx fxsr sse sse2 ss ht tm pbe syscall nx pdpe1gb rdtscp lm constant_tsc arch_perfmon pebs bts rep_good nopl xtopology nonstop_tsc cpuid aperfmperf pni pclmulqdq dtes64 monitor ds_cpl vmx smx est tm2 ssse3 sdbg fma cx16 xtpr pdcm pcid sse4_1 sse4_2 x2apic movbe popcnt tsc_deadline_timer aes xsave avx f16c rdrand lahf_lm abm 3dnowprefetch cpuid_fault epb intel_pt tpr_shadow vnmi flexpriority ept vpid fsgsbase tsc_adjust bmi1 hle avx2 smep bmi2 erms invpcid rtm rdseed adx smap xsaveopt dtherm ida arat pln pts
bugs		:
bogomips	: 5187.93
clflush size	: 64
cache_alignment	: 64
address sizes	: 39 bits physical, 48 bits virtual
power management:

processor	: 2
vendor_id	: GenuineIntel
cpu family	: 6
model		: 61
model name	: Intel(R) Core(TM) i7-5600U CPU @ 2.60GHz
stepping	: 4
microcode	: 0x25
cpu MHz		: 2593.967
cache size	: 4096 KB
physical id	: 0
siblings	: 4
core id		: 1
cpu cores	: 2
apicid		: 2
initial apicid	: 2
fpu		: yes
fpu_exception	: yes
cpuid level	: 20
wp		: yes
flags		: fpu vme de pse tsc msr pae mce cx8 apic sep mtrr pge mca cmov pat pse36 clflush dts acpi mmx fxsr sse sse2 ss ht tm pbe syscall nx pdpe1gb rdtscp lm constant_tsc arch_perfmon pebs bts rep_good nopl xtopology nonstop_tsc cpuid aperfmperf pni pclmulqdq dtes64 monitor ds_cpl vmx smx est tm2 ssse3 sdbg fma cx16 xtpr pdcm pcid sse4_1 sse4_2 x2apic movbe popcnt tsc_deadline_timer aes xsave avx f16c rdrand lahf_lm abm 3dnowprefetch cpuid_fault epb intel_pt tpr_shadow vnmi flexpriority ept vpid fsgsbase tsc_adjust bmi1 hle avx2 smep bmi2 erms invpcid rtm rdseed adx smap xsaveopt dtherm ida arat pln pts
bugs		:
bogomips	: 5187.93
clflush size	: 64
cache_alignment	: 64
address sizes	: 39 bits physical, 48 bits virtual
power management:

processor	: 3
vendor_id	: GenuineIntel
cpu family	: 6
model		: 61
model name	: Intel(R) Core(TM) i7-5600U CPU @ 2.60GHz
stepping	: 4
microcode	: 0x25
cpu MHz		: 2593.967
cache size	: 4096 KB
physical id	: 0
siblings	: 4
core id		: 1
cpu cores	: 2
apicid		: 3
initial apicid	: 3
fpu		: yes
fpu_exception	: yes
cpuid level	: 20
wp		: yes
flags		: fpu vme de pse tsc msr pae mce cx8 apic sep mtrr pge mca cmov pat pse36 clflush dts acpi mmx fxsr sse sse2 ss ht tm pbe syscall nx pdpe1gb rdtscp lm constant_tsc arch_perfmon pebs bts rep_good nopl xtopology nonstop_tsc cpuid aperfmperf pni pclmulqdq dtes64 monitor ds_cpl vmx smx est tm2 ssse3 sdbg fma cx16 xtpr pdcm pcid sse4_1 sse4_2 x2apic movbe popcnt tsc_deadline_timer aes xsave avx f16c rdrand lahf_lm abm 3dnowprefetch cpuid_fault epb intel_pt tpr_shadow vnmi flexpriority ept vpid fsgsbase tsc_adjust bmi1 hle avx2 smep bmi2 erms invpcid rtm rdseed adx smap xsaveopt dtherm ida arat pln pts
bugs		:
bogomips	: 5187.93
clflush size	: 64
cache_alignment	: 64
address sizes	: 39 bits physical, 48 bits virtual
power management:



Memory: 4k page, physical 11994748k(146660k free), swap 6029308k(77824k free)

vm_info: Java HotSpot(TM) 64-Bit Server VM (25.77-b03) for linux-amd64 JRE (1.8.0_77-b03), built on Mar 20 2016 22:00:46 by "java_re" with gcc 4.3.0 20080428 (Red Hat 4.3.0-8)

time: Tue Mar  6 10:00:00 2018
elapsed time: 229 seconds (0d 0h 3m 49s)

